(.venv) PS F:\Projet IA - Copie> python .\optuna-training.py
[I 2026-06-11 15:28:08,950] A new study created in memory with name: no-name-3ea10791-d126-4f86-a9fc-e32ab1512d39
F:\Projet IA - Copie\.venv\lib\site-packages\optuna\distributions.py:502: UserWarning: Choices for a categorical distribution should be a tuple of None, bool, int, float and str for persistent storage but contains (4, 4) which is of type tuple.
  optuna_warn(message)
F:\Projet IA - Copie\.venv\lib\site-packages\optuna\distributions.py:502: UserWarning: Choices for a categorical distribution should be a tuple of None, bool, int, float and str for persistent storage but contains (8, 8) which is of type tuple.
  optuna_warn(message)
F:\Projet IA - Copie\.venv\lib\site-packages\optuna\distributions.py:502: UserWarning: Choices for a categorical distribution should be a tuple of None, bool, int, float and str for persistent storage but contains (2, 2) which is of type tuple.
  optuna_warn(message)
[I 2026-06-11 15:29:48,440] Trial 0 finished with value: 0.2448652439635307 and parameters: {'batch_size': 64, 'lr': 0.0033300121264939146, 'weight_decay': 8.561758959140343e-06, 'n_mels': 64, 'n_fft': 768, 'hop_length': 896, 'cnn1_out_channels': 128, 'cnn2_out_channels': 96, 'kernel_size': 3, 'pooling_kernel': 2, 'adaptive_pool_output': (2, 2), 'dropout': 0.5}. Best is trial 0 with value: 0.2448652439635307.
F:\Projet IA - Copie\.venv\lib\site-packages\optuna\distributions.py:502: UserWarning: Choices for a categorical distribution should be a tuple of None, bool, int, float and str for persistent storage but contains (4, 4) which is of type tuple.
  optuna_warn(message)
F:\Projet IA - Copie\.venv\lib\site-packages\optuna\distributions.py:502: UserWarning: Choices for a categorical distribution should be a tuple of None, bool, int, float and str for persistent storage but contains (8, 8) which is of type tuple.
  optuna_warn(message)
F:\Projet IA - Copie\.venv\lib\site-packages\optuna\distributions.py:502: UserWarning: Choices for a categorical distribution should be a tuple of None, bool, int, float and str for persistent storage but contains (2, 2) which is of type tuple.
  optuna_warn(message)
[I 2026-06-11 15:32:02,867] Trial 1 finished with value: 0.8882877467187656 and parameters: {'batch_size': 32, 'lr': 0.00013527074758562597, 'weight_decay': 9.806474454569798e-07, 'n_mels': 64, 'n_fft': 1536, 'hop_length': 640, 'cnn1_out_channels': 64, 'cnn2_out_channels': 240, 'kernel_size': 7, 'pooling_kernel': 3, 'adaptive_pool_output': (4, 4), 'dropout': 0.30000000000000004}. Best is trial 1 with value: 0.8882877467187656.
[I 2026-06-11 15:33:42,108] Trial 2 finished with value: 0.6346057509267609 and parameters: {'batch_size': 64, 'lr': 0.0012799975385305415, 'weight_decay': 2.0361817149726713e-07, 'n_mels': 80, 'n_fft': 2048, 'hop_length': 832, 'cnn1_out_channels': 64, 'cnn2_out_channels': 112, 'kernel_size': 5, 'pooling_kernel': 3, 'adaptive_pool_output': (8, 8), 'dropout': 0.1}. Best is trial 1 with value: 0.8882877467187656.
[I 2026-06-11 15:35:53,723] Trial 3 finished with value: 0.7235747921049995 and parameters: {'batch_size': 32, 'lr': 0.00031142174866189397, 'weight_decay': 5.074540382421367e-05, 'n_mels': 64, 'n_fft': 1280, 'hop_length': 256, 'cnn1_out_channels': 16, 'cnn2_out_channels': 240, 'kernel_size': 3, 'pooling_kernel': 2, 'adaptive_pool_output': (4, 4), 'dropout': 0.4}. Best is trial 1 with value: 0.8882877467187656.
[I 2026-06-11 15:38:06,337] Trial 4 finished with value: 0.8258691513876365 and parameters: {'batch_size': 32, 'lr': 1.2640023336074161e-05, 'weight_decay': 1.8052076536898433e-06, 'n_mels': 96, 'n_fft': 1280, 'hop_length': 768, 'cnn1_out_channels': 96, 'cnn2_out_channels': 64, 'kernel_size': 7, 'pooling_kernel': 3, 'adaptive_pool_output': (8, 8), 'dropout': 0.1}. Best is trial 1 with value: 0.8882877467187656.
[I 2026-06-11 15:40:20,941] Trial 5 finished with value: 0.7509267608456066 and parameters: {'batch_size': 32, 'lr': 7.359514295325336e-05, 'weight_decay': 2.6707676459665584e-06, 'n_mels': 64, 'n_fft': 1280, 'hop_length': 960, 'cnn1_out_channels': 128, 'cnn2_out_channels': 48, 'kernel_size': 3, 'pooling_kernel': 3, 'adaptive_pool_output': (8, 8), 'dropout': 0.2}. Best is trial 1 with value: 0.8882877467187656.
[I 2026-06-11 15:43:57,349] Trial 6 finished with value: 0.8472096984270113 and parameters: {'batch_size': 32, 'lr': 9.40686905906531e-05, 'weight_decay': 1.5186728955171231e-05, 'n_mels': 112, 'n_fft': 1536, 'hop_length': 256, 'cnn1_out_channels': 80, 'cnn2_out_channels': 208, 'kernel_size': 3, 'pooling_kernel': 2, 'adaptive_pool_output': (8, 8), 'dropout': 0.2}. Best is trial 1 with value: 0.8882877467187656.
[I 2026-06-11 15:44:37,350] Trial 7 pruned.
[I 2026-06-11 15:45:21,074] Trial 8 pruned.
[I 2026-06-11 15:46:26,613] Trial 9 pruned.
[I 2026-06-11 15:47:20,298] Trial 10 pruned.
[I 2026-06-11 15:51:48,916] Trial 11 finished with value: 0.894800120228434 and parameters: {'batch_size': 16, 'lr': 0.00011268275475870583, 'weight_decay': 7.700639954606927e-05, 'n_mels': 128, 'n_fft': 1792, 'hop_length': 448, 'cnn1_out_channels': 80, 'cnn2_out_channels': 192, 'kernel_size': 5, 'pooling_kernel': 2, 'adaptive_pool_output': (8, 8), 'dropout': 0.30000000000000004}. Best is trial 11 with value: 0.894800120228434.
[I 2026-06-11 15:55:35,502] Trial 12 finished with value: 0.8652439635307083 and parameters: {'batch_size': 16, 'lr': 0.0002108512726932909, 'weight_decay': 9.746415996539038e-05, 'n_mels': 128, 'n_fft': 1792, 'hop_length': 448, 'cnn1_out_channels': 64, 'cnn2_out_channels': 176, 'kernel_size': 5, 'pooling_kernel': 2, 'adaptive_pool_output': (4, 4), 'dropout': 0.30000000000000004}. Best is trial 11 with value: 0.894800120228434.
[I 2026-06-11 16:00:08,162] Trial 13 finished with value: 0.8973048792706142 and parameters: {'batch_size': 16, 'lr': 4.475994621706142e-05, 'weight_decay': 7.466619849205589e-07, 'n_mels': 112, 'n_fft': 1792, 'hop_length': 448, 'cnn1_out_channels': 96, 'cnn2_out_channels': 256, 'kernel_size': 7, 'pooling_kernel': 3, 'adaptive_pool_output': (8, 8), 'dropout': 0.30000000000000004}. Best is trial 13 with value: 0.8973048792706142.
[I 2026-06-11 16:04:22,282] Trial 14 finished with value: 0.8845807033363391 and parameters: {'batch_size': 16, 'lr': 3.291170226154685e-05, 'weight_decay': 9.215262468604038e-05, 'n_mels': 112, 'n_fft': 1792, 'hop_length': 448, 'cnn1_out_channels': 96, 'cnn2_out_channels': 256, 'kernel_size': 5, 'pooling_kernel': 2, 'adaptive_pool_output': (8, 8), 'dropout': 0.30000000000000004}. Best is trial 13 with value: 0.8973048792706142.
[I 2026-06-11 16:05:23,185] Trial 15 pruned.
[I 2026-06-11 16:09:40,406] Trial 16 finished with value: 0.8680492936579501 and parameters: {'batch_size': 16, 'lr': 3.232389405192974e-05, 'weight_decay': 2.9536923364425935e-05, 'n_mels': 128, 'n_fft': 1792, 'hop_length': 512, 'cnn1_out_channels': 80, 'cnn2_out_channels': 208, 'kernel_size': 5, 'pooling_kernel': 2, 'adaptive_pool_output': (8, 8), 'dropout': 0.30000000000000004}. Best is trial 13 with value: 0.8973048792706142.
[I 2026-06-11 16:10:35,063] Trial 17 pruned.
[I 2026-06-11 16:13:47,331] Trial 18 pruned.
[I 2026-06-11 16:21:57,401] Trial 19 finished with value: 0.9168419997996192 and parameters: {'batch_size': 16, 'lr': 6.236607319426134e-05, 'weight_decay': 4.142926663332774e-06, 'n_mels': 112, 'n_fft': 1536, 'hop_length': 384, 'cnn1_out_channels': 112, 'cnn2_out_channels': 256, 'kernel_size': 7, 'pooling_kernel': 2, 'adaptive_pool_output': (8, 8), 'dropout': 0.2}. Best is trial 19 with value: 0.9168419997996192.
[I 2026-06-11 16:23:03,924] Trial 20 pruned.
[I 2026-06-11 16:29:00,775] Trial 21 finished with value: 0.904518585312093 and parameters: {'batch_size': 16, 'lr': 6.346593138298602e-05, 'weight_decay': 1.1149810454253334e-06, 'n_mels': 128, 'n_fft': 1792, 'hop_length': 512, 'cnn1_out_channels': 96, 'cnn2_out_channels': 224, 'kernel_size': 7, 'pooling_kernel': 2, 'adaptive_pool_output': (8, 8), 'dropout': 0.2}. Best is trial 19 with value: 0.9168419997996192.
[I 2026-06-11 16:34:59,510] Trial 22 finished with value: 0.908426009417894 and parameters: {'batch_size': 16, 'lr': 5.5779402194762984e-05, 'weight_decay': 7.825584446753796e-07, 'n_mels': 112, 'n_fft': 1536, 'hop_length': 512, 'cnn1_out_channels': 112, 'cnn2_out_channels': 224, 'kernel_size': 7, 'pooling_kernel': 2, 'adaptive_pool_output': (8, 8), 'dropout': 0.2}. Best is trial 19 with value: 0.9168419997996192.
[I 2026-06-11 16:40:59,975] Trial 23 finished with value: 0.9096282937581405 and parameters: {'batch_size': 16, 'lr': 6.436197772345461e-05, 'weight_decay': 2.1940744462246413e-06, 'n_mels': 96, 'n_fft': 1280, 'hop_length': 512, 'cnn1_out_channels': 128, 'cnn2_out_channels': 224, 'kernel_size': 7, 'pooling_kernel': 2, 'adaptive_pool_output': (8, 8), 'dropout': 0.2}. Best is trial 19 with value: 0.9168419997996192.
[I 2026-06-11 16:46:41,339] Trial 24 finished with value: 0.9070233443542731 and parameters: {'batch_size': 16, 'lr': 0.0001613551096830226, 'weight_decay': 4.742273215201652e-06, 'n_mels': 96, 'n_fft': 1024, 'hop_length': 576, 'cnn1_out_channels': 128, 'cnn2_out_channels': 224, 'kernel_size': 7, 'pooling_kernel': 2, 'adaptive_pool_output': (8, 8), 'dropout': 0.1}. Best is trial 19 with value: 0.9168419997996192.
[I 2026-06-11 16:51:31,005] Trial 25 finished with value: 0.9003105901212304 and parameters: {'batch_size': 16, 'lr': 2.674475941699048e-05, 'weight_decay': 2.297176010616729e-06, 'n_mels': 80, 'n_fft': 1280, 'hop_length': 576, 'cnn1_out_channels': 112, 'cnn2_out_channels': 176, 'kernel_size': 7, 'pooling_kernel': 2, 'adaptive_pool_output': (8, 8), 'dropout': 0.2}. Best is trial 19 with value: 0.9168419997996192.
[I 2026-06-11 16:52:42,890] Trial 26 pruned.
[I 2026-06-11 16:58:36,515] Trial 27 finished with value: 0.9058210600140266 and parameters: {'batch_size': 16, 'lr': 5.999589013107094e-05, 'weight_decay': 4.672428076653024e-06, 'n_mels': 112, 'n_fft': 1536, 'hop_length': 512, 'cnn1_out_channels': 112, 'cnn2_out_channels': 192, 'kernel_size': 7, 'pooling_kernel': 2, 'adaptive_pool_output': (8, 8), 'dropout': 0.1}. Best is trial 19 with value: 0.9168419997996192.
[I 2026-06-11 16:59:52,635] Trial 28 pruned.
[I 2026-06-11 17:01:51,480] Trial 29 pruned.
[I 2026-06-11 17:03:00,139] Trial 30 pruned.
[I 2026-06-11 17:08:40,477] Trial 31 finished with value: 0.9115319106301973 and parameters: {'batch_size': 16, 'lr': 0.00015451213107682256, 'weight_decay': 3.852239442551151e-06, 'n_mels': 96, 'n_fft': 1024, 'hop_length': 576, 'cnn1_out_channels': 128, 'cnn2_out_channels': 224, 'kernel_size': 7, 'pooling_kernel': 2, 'adaptive_pool_output': (8, 8), 'dropout': 0.1}. Best is trial 19 with value: 0.9168419997996192.
[I 2026-06-11 17:15:13,975] Trial 32 finished with value: 0.90892696122633 and parameters: {'batch_size': 16, 'lr': 0.00014707711019851951, 'weight_decay': 8.094749183136392e-06, 'n_mels': 96, 'n_fft': 1536, 'hop_length': 512, 'cnn1_out_channels': 128, 'cnn2_out_channels': 208, 'kernel_size': 7, 'pooling_kernel': 2, 'adaptive_pool_output': (8, 8), 'dropout': 0.2}. Best is trial 19 with value: 0.9168419997996192.
[I 2026-06-11 17:20:32,683] Trial 33 finished with value: 0.9070233443542731 and parameters: {'batch_size': 16, 'lr': 0.00014665710226609055, 'weight_decay': 9.364032901156496e-06, 'n_mels': 80, 'n_fft': 1280, 'hop_length': 576, 'cnn1_out_channels': 128, 'cnn2_out_channels': 176, 'kernel_size': 7, 'pooling_kernel': 2, 'adaptive_pool_output': (8, 8), 'dropout': 0.1}. Best is trial 19 with value: 0.9168419997996192.
[I 2026-06-11 17:23:06,346] Trial 34 finished with value: 0.904518585312093 and parameters: {'batch_size': 64, 'lr': 0.00030658320316947807, 'weight_decay': 3.4587974524565794e-06, 'n_mels': 48, 'n_fft': 1024, 'hop_length': 640, 'cnn1_out_channels': 128, 'cnn2_out_channels': 208, 'kernel_size': 7, 'pooling_kernel': 2, 'adaptive_pool_output': (8, 8), 'dropout': 0.2}. Best is trial 19 with value: 0.9168419997996192.
[I 2026-06-11 17:24:33,559] Trial 35 pruned.
[I 2026-06-11 17:25:52,500] Trial 36 pruned.
[I 2026-06-11 17:32:43,911] Trial 37 finished with value: 0.9154393347359984 and parameters: {'batch_size': 16, 'lr': 0.0001271859275003504, 'weight_decay': 1.8195395288418914e-06, 'n_mels': 96, 'n_fft': 768, 'hop_length': 384, 'cnn1_out_channels': 128, 'cnn2_out_channels': 240, 'kernel_size': 7, 'pooling_kernel': 2, 'adaptive_pool_output': (8, 8), 'dropout': 0.0}. Best is trial 19 with value: 0.9168419997996192.
[I 2026-06-11 17:36:35,614] Trial 38 finished with value: 0.9185452359483017 and parameters: {'batch_size': 64, 'lr': 9.849842838324609e-05, 'weight_decay': 2.2957085458539027e-06, 'n_mels': 64, 'n_fft': 768, 'hop_length': 384, 'cnn1_out_channels': 112, 'cnn2_out_channels': 240, 'kernel_size': 7, 'pooling_kernel': 2, 'adaptive_pool_output': (8, 8), 'dropout': 0.0}. Best is trial 38 with value: 0.9185452359483017.
[I 2026-06-11 17:38:41,479] Trial 39 finished with value: 0.914237050395752 and parameters: {'batch_size': 64, 'lr': 0.0001039744854094877, 'weight_decay': 1.3933854539183348e-06, 'n_mels': 48, 'n_fft': 768, 'hop_length': 384, 'cnn1_out_channels': 96, 'cnn2_out_channels': 240, 'kernel_size': 5, 'pooling_kernel': 2, 'adaptive_pool_output': (8, 8), 'dropout': 0.0}. Best is trial 38 with value: 0.9185452359483017.
[I 2026-06-11 17:39:22,892] Trial 40 pruned.
[I 2026-06-11 17:41:30,262] Trial 41 finished with value: 0.9149383829275624 and parameters: {'batch_size': 64, 'lr': 0.0001171812909421277, 'weight_decay': 2.8471939639364587e-06, 'n_mels': 48, 'n_fft': 768, 'hop_length': 384, 'cnn1_out_channels': 96, 'cnn2_out_channels': 240, 'kernel_size': 5, 'pooling_kernel': 2, 'adaptive_pool_output': (8, 8), 'dropout': 0.0}. Best is trial 38 with value: 0.9185452359483017.
[I 2026-06-11 17:43:36,260] Trial 42 finished with value: 0.9143372407574392 and parameters: {'batch_size': 64, 'lr': 8.72432564798331e-05, 'weight_decay': 1.8616878873264513e-06, 'n_mels': 48, 'n_fft': 768, 'hop_length': 384, 'cnn1_out_channels': 96, 'cnn2_out_channels': 240, 'kernel_size': 5, 'pooling_kernel': 2, 'adaptive_pool_output': (8, 8), 'dropout': 0.0}. Best is trial 38 with value: 0.9185452359483017.
[I 2026-06-11 17:44:27,522] Trial 43 pruned.
[I 2026-06-11 17:45:09,560] Trial 44 pruned.
[I 2026-06-11 17:47:08,753] Trial 45 finished with value: 0.9174431419697425 and parameters: {'batch_size': 64, 'lr': 7.797243961470223e-05, 'weight_decay': 6.452409616159956e-06, 'n_mels': 32, 'n_fft': 512, 'hop_length': 320, 'cnn1_out_channels': 112, 'cnn2_out_channels': 240, 'kernel_size': 5, 'pooling_kernel': 2, 'adaptive_pool_output': (8, 8), 'dropout': 0.0}. Best is trial 38 with value: 0.9185452359483017.
[I 2026-06-11 17:47:50,507] Trial 46 pruned.
[I 2026-06-11 17:49:46,730] Trial 47 finished with value: 0.9187456166716762 and parameters: {'batch_size': 64, 'lr': 0.0002845982557137192, 'weight_decay': 6.146336315945531e-06, 'n_mels': 32, 'n_fft': 512, 'hop_length': 320, 'cnn1_out_channels': 112, 'cnn2_out_channels': 240, 'kernel_size': 5, 'pooling_kernel': 2, 'adaptive_pool_output': (4, 4), 'dropout': 0.0}. Best is trial 47 with value: 0.9187456166716762.
[I 2026-06-11 17:50:43,041] Trial 48 pruned.
[I 2026-06-11 17:51:28,370] Trial 49 pruned.
Meilleur paramètres : {'batch_size': 64, 'lr': 0.0002845982557137192, 'weight_decay': 6.146336315945531e-06, 'n_mels': 32, 'n_fft': 512, 'hop_length': 320, 'cnn1_out_channels': 112, 'cnn2_out_channels': 240, 'kernel_size': 5, 'pooling_kernel': 2, 'adaptive_pool_output': (4, 4), 'dropout': 0.0}
Meilleur accuracy : 0.9187456166716762