(.venv) PS F:\Projet IA - Copie> python .\optuna-training.py
[I 2026-06-11 18:01:43,724] A new study created in memory with name: no-name-8f7a6f6a-d73f-43bc-84e9-266e387e714a
F:\Projet IA - Copie\.venv\lib\site-packages\optuna\distributions.py:502: UserWarning: Choices for a categorical distribution should be a tuple of None, bool, int, float and str for persistent storage but contains (4, 4) which is of type tuple.
  optuna_warn(message)
F:\Projet IA - Copie\.venv\lib\site-packages\optuna\distributions.py:502: UserWarning: Choices for a categorical distribution should be a tuple of None, bool, int, float and str for persistent storage but contains (8, 8) which is of type tuple.
  optuna_warn(message)
F:\Projet IA - Copie\.venv\lib\site-packages\optuna\distributions.py:502: UserWarning: Choices for a categorical distribution should be a tuple of None, bool, int, float and str for persistent storage but contains (2, 2) which is of type tuple.
  optuna_warn(message)
[I 2026-06-11 18:02:58,561] Trial 0 finished with value: 0.282035868149484 and parameters: {'batch_size': 32, 'lr': 4.378648690838655e-05, 'weight_decay': 0.0007992324699028992, 'n_mels': 48, 'n_fft': 512, 'hop_length': 256, 'cnn1_out_channels': 64, 'cnn2_out_channels': 96, 'kernel_size': 3, 'pooling_kernel': 3, 'adaptive_pool_output': (4, 4), 'dropout': 0.5}. Best is trial 0 with value: 0.282035868149484.
F:\Projet IA - Copie\.venv\lib\site-packages\optuna\distributions.py:502: UserWarning: Choices for a categorical distribution should be a tuple of None, bool, int, float and str for persistent storage but contains (4, 4) which is of type tuple.
  optuna_warn(message)
F:\Projet IA - Copie\.venv\lib\site-packages\optuna\distributions.py:502: UserWarning: Choices for a categorical distribution should be a tuple of None, bool, int, float and str for persistent storage but contains (8, 8) which is of type tuple.
  optuna_warn(message)
F:\Projet IA - Copie\.venv\lib\site-packages\optuna\distributions.py:502: UserWarning: Choices for a categorical distribution should be a tuple of None, bool, int, float and str for persistent storage but contains (2, 2) which is of type tuple.
  optuna_warn(message)
[I 2026-06-11 18:04:00,037] Trial 1 finished with value: 0.5205891193267208 and parameters: {'batch_size': 64, 'lr': 0.0028358267340882837, 'weight_decay': 1.287170704158982e-05, 'n_mels': 128, 'n_fft': 768, 'hop_length': 640, 'cnn1_out_channels': 64, 'cnn2_out_channels': 144, 'kernel_size': 3, 'pooling_kernel': 3, 'adaptive_pool_output': (2, 2), 'dropout': 0.1}. Best is trial 1 with value: 0.5205891193267208.
[I 2026-06-11 18:05:41,452] Trial 2 finished with value: 0.5141769361787396 and parameters: {'batch_size': 16, 'lr': 0.0006661078550978068, 'weight_decay': 0.00023268581988690018, 'n_mels': 64, 'n_fft': 768, 'hop_length': 1024, 'cnn1_out_channels': 112, 'cnn2_out_channels': 96, 'kernel_size': 3, 'pooling_kernel': 3, 'adaptive_pool_output': (4, 4), 'dropout': 0.30000000000000004}. Best is trial 1 with value: 0.5205891193267208.
[I 2026-06-11 18:07:16,659] Trial 3 finished with value: 0.7677587416090572 and parameters: {'batch_size': 16, 'lr': 0.0002671990880193855, 'weight_decay': 9.273092116769368e-06, 'n_mels': 64, 'n_fft': 1792, 'hop_length': 832, 'cnn1_out_channels': 80, 'cnn2_out_channels': 64, 'kernel_size': 3, 'pooling_kernel': 4, 'adaptive_pool_output': (2, 2), 'dropout': 0.0}. Best is trial 3 with value: 0.7677587416090572.
[I 2026-06-11 18:08:15,949] Trial 4 finished with value: 0.33573790201382625 and parameters: {'batch_size': 64, 'lr': 5.01144983733748e-05, 'weight_decay': 9.827131927115005e-05, 'n_mels': 96, 'n_fft': 2048, 'hop_length': 512, 'cnn1_out_channels': 64, 'cnn2_out_channels': 32, 'kernel_size': 3, 'pooling_kernel': 4, 'adaptive_pool_output': (8, 8), 'dropout': 0.5}. Best is trial 3 with value: 0.7677587416090572.
[I 2026-06-11 18:09:00,781] Trial 5 pruned.
[I 2026-06-11 18:11:05,136] Trial 6 pruned.
[I 2026-06-11 18:12:22,123] Trial 7 pruned.
[I 2026-06-11 18:13:16,809] Trial 8 pruned.
[I 2026-06-11 18:14:27,436] Trial 9 finished with value: 0.7914036669672377 and parameters: {'batch_size': 32, 'lr': 0.0004982608973389227, 'weight_decay': 7.468217122278914e-05, 'n_mels': 80, 'n_fft': 1024, 'hop_length': 704, 'cnn1_out_channels': 32, 'cnn2_out_channels': 224, 'kernel_size': 5, 'pooling_kernel': 4, 'adaptive_pool_output': (4, 4), 'dropout': 0.1}. Best is trial 9 with value: 0.7914036669672377.
[I 2026-06-11 18:15:21,156] Trial 10 pruned.
[I 2026-06-11 18:16:56,968] Trial 11 finished with value: 0.7979160404769061 and parameters: {'batch_size': 16, 'lr': 0.0005251577907018761, 'weight_decay': 1.6113224437768673e-05, 'n_mels': 80, 'n_fft': 1536, 'hop_length': 768, 'cnn1_out_channels': 80, 'cnn2_out_channels': 256, 'kernel_size': 5, 'pooling_kernel': 4, 'adaptive_pool_output': (4, 4), 'dropout': 0.0}. Best is trial 11 with value: 0.7979160404769061.
[I 2026-06-11 18:18:37,679] Trial 12 finished with value: 0.6582506762849414 and parameters: {'batch_size': 16, 'lr': 0.000772261834503922, 'weight_decay': 3.331862214780796e-05, 'n_mels': 80, 'n_fft': 1536, 'hop_length': 704, 'cnn1_out_channels': 96, 'cnn2_out_channels': 256, 'kernel_size': 5, 'pooling_kernel': 4, 'adaptive_pool_output': (4, 4), 'dropout': 0.1}. Best is trial 11 with value: 0.7979160404769061.
[I 2026-06-11 18:19:49,327] Trial 13 finished with value: 0.6780883678990082 and parameters: {'batch_size': 32, 'lr': 0.0013680189426597139, 'weight_decay': 1.8872120746070608e-06, 'n_mels': 80, 'n_fft': 1024, 'hop_length': 768, 'cnn1_out_channels': 48, 'cnn2_out_channels': 208, 'kernel_size': 5, 'pooling_kernel': 4, 'adaptive_pool_output': (4, 4), 'dropout': 0.1}. Best is trial 11 with value: 0.7979160404769061.
[I 2026-06-11 18:20:48,287] Trial 14 finished with value: 0.8432020839595231 and parameters: {'batch_size': 64, 'lr': 0.00029215467855088836, 'weight_decay': 3.349764677413032e-05, 'n_mels': 32, 'n_fft': 1280, 'hop_length': 512, 'cnn1_out_channels': 16, 'cnn2_out_channels': 224, 'kernel_size': 5, 'pooling_kernel': 4, 'adaptive_pool_output': (4, 4), 'dropout': 0.0}. Best is trial 14 with value: 0.8432020839595231.
[I 2026-06-11 18:21:46,779] Trial 15 finished with value: 0.8616371105099689 and parameters: {'batch_size': 64, 'lr': 0.0002236007728425094, 'weight_decay': 2.147648346576907e-05, 'n_mels': 32, 'n_fft': 1536, 'hop_length': 448, 'cnn1_out_channels': 16, 'cnn2_out_channels': 224, 'kernel_size': 7, 'pooling_kernel': 4, 'adaptive_pool_output': (4, 4), 'dropout': 0.0}. Best is trial 15 with value: 0.8616371105099689.
[I 2026-06-11 18:22:46,312] Trial 16 finished with value: 0.8151487826871056 and parameters: {'batch_size': 64, 'lr': 0.00015165699067440575, 'weight_decay': 3.417435722911295e-05, 'n_mels': 32, 'n_fft': 1536, 'hop_length': 448, 'cnn1_out_channels': 16, 'cnn2_out_channels': 192, 'kernel_size': 7, 'pooling_kernel': 3, 'adaptive_pool_output': (8, 8), 'dropout': 0.2}. Best is trial 15 with value: 0.8616371105099689.
[I 2026-06-11 18:23:44,629] Trial 17 finished with value: 0.8545235948301774 and parameters: {'batch_size': 64, 'lr': 0.00017233369745306106, 'weight_decay': 1.604202515118758e-06, 'n_mels': 32, 'n_fft': 1280, 'hop_length': 448, 'cnn1_out_channels': 16, 'cnn2_out_channels': 160, 'kernel_size': 7, 'pooling_kernel': 4, 'adaptive_pool_output': (4, 4), 'dropout': 0.0}. Best is trial 15 with value: 0.8616371105099689.
[I 2026-06-11 18:24:43,750] Trial 18 finished with value: 0.8525197875964332 and parameters: {'batch_size': 64, 'lr': 9.256108834034776e-05, 'weight_decay': 6.209187283097169e-07, 'n_mels': 32, 'n_fft': 2048, 'hop_length': 384, 'cnn1_out_channels': 48, 'cnn2_out_channels': 144, 'kernel_size': 7, 'pooling_kernel': 3, 'adaptive_pool_output': (4, 4), 'dropout': 0.2}. Best is trial 15 with value: 0.8616371105099689.
[I 2026-06-11 18:25:24,108] Trial 19 pruned.
[I 2026-06-11 18:26:06,073] Trial 20 pruned.
[I 2026-06-11 18:27:06,400] Trial 21 finished with value: 0.8561266406171726 and parameters: {'batch_size': 64, 'lr': 0.00011993476376452105, 'weight_decay': 4.5833063568509674e-07, 'n_mels': 32, 'n_fft': 2048, 'hop_length': 384, 'cnn1_out_channels': 48, 'cnn2_out_channels': 128, 'kernel_size': 7, 'pooling_kernel': 3, 'adaptive_pool_output': (4, 4), 'dropout': 0.2}. Best is trial 15 with value: 0.8616371105099689.
[I 2026-06-11 18:28:05,512] Trial 22 finished with value: 0.8808736599539124 and parameters: {'batch_size': 64, 'lr': 0.0002142551456903377, 'weight_decay': 3.350400370343203e-07, 'n_mels': 32, 'n_fft': 2048, 'hop_length': 320, 'cnn1_out_channels': 48, 'cnn2_out_channels': 128, 'kernel_size': 7, 'pooling_kernel': 3, 'adaptive_pool_output': (4, 4), 'dropout': 0.30000000000000004}. Best is trial 22 with value: 0.8808736599539124.
[I 2026-06-11 18:28:46,442] Trial 23 pruned.
[I 2026-06-11 18:31:04,595] Trial 24 finished with value: 0.8613365394249073 and parameters: {'batch_size': 64, 'lr': 0.00024368623682085772, 'weight_decay': 3.159081917352335e-07, 'n_mels': 32, 'n_fft': 1792, 'hop_length': 320, 'cnn1_out_channels': 48, 'cnn2_out_channels': 64, 'kernel_size': 7, 'pooling_kernel': 2, 'adaptive_pool_output': (4, 4), 'dropout': 0.30000000000000004}. Best is trial 22 with value: 0.8808736599539124.
[I 2026-06-11 18:32:06,088] Trial 25 finished with value: 0.8440036068530208 and parameters: {'batch_size': 64, 'lr': 0.00031299891754273806, 'weight_decay': 2.987939965223307e-07, 'n_mels': 64, 'n_fft': 1792, 'hop_length': 320, 'cnn1_out_channels': 64, 'cnn2_out_channels': 64, 'kernel_size': 7, 'pooling_kernel': 2, 'adaptive_pool_output': (4, 4), 'dropout': 0.30000000000000004}. Best is trial 22 with value: 0.8808736599539124.
[I 2026-06-11 18:32:48,194] Trial 26 pruned.
[I 2026-06-11 18:33:47,247] Trial 27 finished with value: 0.8513175032561867 and parameters: {'batch_size': 64, 'lr': 0.00024026828620183775, 'weight_decay': 2.088908062565268e-07, 'n_mels': 32, 'n_fft': 1792, 'hop_length': 512, 'cnn1_out_channels': 32, 'cnn2_out_channels': 80, 'kernel_size': 7, 'pooling_kernel': 2, 'adaptive_pool_output': (4, 4), 'dropout': 0.30000000000000004}. Best is trial 22 with value: 0.8808736599539124.
[I 2026-06-11 18:35:08,828] Trial 28 finished with value: 0.8611361587015329 and parameters: {'batch_size': 64, 'lr': 0.00040880573432997485, 'weight_decay': 9.379442434419335e-07, 'n_mels': 64, 'n_fft': 2048, 'hop_length': 320, 'cnn1_out_channels': 48, 'cnn2_out_channels': 192, 'kernel_size': 7, 'pooling_kernel': 2, 'adaptive_pool_output': (8, 8), 'dropout': 0.4}. Best is trial 22 with value: 0.8808736599539124.
[I 2026-06-11 18:35:50,118] Trial 29 pruned.
[I 2026-06-11 18:36:31,875] Trial 30 pruned.
[I 2026-06-11 18:37:54,674] Trial 31 finished with value: 0.8473098887886985 and parameters: {'batch_size': 64, 'lr': 0.0004449377416474037, 'weight_decay': 1.1560253389368689e-06, 'n_mels': 64, 'n_fft': 2048, 'hop_length': 320, 'cnn1_out_channels': 48, 'cnn2_out_channels': 224, 'kernel_size': 7, 'pooling_kernel': 2, 'adaptive_pool_output': (8, 8), 'dropout': 0.4}. Best is trial 22 with value: 0.8808736599539124.
[I 2026-06-11 18:39:08,887] Trial 32 finished with value: 0.8613365394249073 and parameters: {'batch_size': 64, 'lr': 0.00019566047102143313, 'weight_decay': 8.22281958842547e-07, 'n_mels': 48, 'n_fft': 2048, 'hop_length': 320, 'cnn1_out_channels': 48, 'cnn2_out_channels': 192, 'kernel_size': 7, 'pooling_kernel': 2, 'adaptive_pool_output': (8, 8), 'dropout': 0.4}. Best is trial 22 with value: 0.8808736599539124.
[I 2026-06-11 18:40:03,821] Trial 33 pruned.
[I 2026-06-11 18:41:04,599] Trial 34 finished with value: 0.8633403466586514 and parameters: {'batch_size': 64, 'lr': 0.00019579458684934777, 'weight_decay': 2.6282491286439094e-06, 'n_mels': 32, 'n_fft': 2048, 'hop_length': 576, 'cnn1_out_channels': 48, 'cnn2_out_channels': 192, 'kernel_size': 7, 'pooling_kernel': 2, 'adaptive_pool_output': (8, 8), 'dropout': 0.4}. Best is trial 22 with value: 0.8808736599539124.
[I 2026-06-11 18:41:45,580] Trial 35 pruned.
[I 2026-06-11 18:42:27,515] Trial 36 pruned.
[I 2026-06-11 18:43:09,965] Trial 37 pruned.
[I 2026-06-11 18:44:11,167] Trial 38 finished with value: 0.8603346358080353 and parameters: {'batch_size': 64, 'lr': 0.0003042935508378624, 'weight_decay': 1.4910492067443466e-05, 'n_mels': 48, 'n_fft': 1536, 'hop_length': 448, 'cnn1_out_channels': 64, 'cnn2_out_channels': 176, 'kernel_size': 7, 'pooling_kernel': 3, 'adaptive_pool_output': (2, 2), 'dropout': 0.30000000000000004}. Best is trial 22 with value: 0.8808736599539124.
[I 2026-06-11 18:45:50,693] Trial 39 finished with value: 0.8880873659953913 and parameters: {'batch_size': 16, 'lr': 0.00021318566351811254, 'weight_decay': 1.8942967474553665e-07, 'n_mels': 32, 'n_fft': 2048, 'hop_length': 512, 'cnn1_out_channels': 48, 'cnn2_out_channels': 112, 'kernel_size': 5, 'pooling_kernel': 2, 'adaptive_pool_output': (8, 8), 'dropout': 0.30000000000000004}. Best is trial 39 with value: 0.8880873659953913.
[I 2026-06-11 18:46:45,650] Trial 40 pruned.
[I 2026-06-11 18:48:28,600] Trial 41 finished with value: 0.8857829876765855 and parameters: {'batch_size': 16, 'lr': 0.00018277829562767209, 'weight_decay': 1.638351585507393e-07, 'n_mels': 32, 'n_fft': 2048, 'hop_length': 512, 'cnn1_out_channels': 48, 'cnn2_out_channels': 80, 'kernel_size': 5, 'pooling_kernel': 2, 'adaptive_pool_output': (8, 8), 'dropout': 0.30000000000000004}. Best is trial 39 with value: 0.8880873659953913.
[I 2026-06-11 18:50:10,910] Trial 42 finished with value: 0.8720569081254383 and parameters: {'batch_size': 16, 'lr': 0.00019775116473273678, 'weight_decay': 1.8380518941621046e-07, 'n_mels': 32, 'n_fft': 2048, 'hop_length': 512, 'cnn1_out_channels': 32, 'cnn2_out_channels': 80, 'kernel_size': 5, 'pooling_kernel': 2, 'adaptive_pool_output': (8, 8), 'dropout': 0.30000000000000004}. Best is trial 39 with value: 0.8880873659953913.
[I 2026-06-11 18:51:16,524] Trial 43 pruned.
[I 2026-06-11 18:52:56,484] Trial 44 finished with value: 0.8567277827872959 and parameters: {'batch_size': 16, 'lr': 0.00037835956356179135, 'weight_decay': 1.655753665386278e-07, 'n_mels': 32, 'n_fft': 2048, 'hop_length': 640, 'cnn1_out_channels': 48, 'cnn2_out_channels': 80, 'kernel_size': 5, 'pooling_kernel': 2, 'adaptive_pool_output': (8, 8), 'dropout': 0.4}. Best is trial 39 with value: 0.8880873659953913.
[I 2026-06-11 18:53:49,812] Trial 45 pruned.
[I 2026-06-11 18:55:29,119] Trial 46 finished with value: 0.8667468189560165 and parameters: {'batch_size': 16, 'lr': 0.00012522332448147608, 'weight_decay': 1.0143860567451912e-07, 'n_mels': 48, 'n_fft': 2048, 'hop_length': 512, 'cnn1_out_channels': 48, 'cnn2_out_channels': 112, 'kernel_size': 5, 'pooling_kernel': 2, 'adaptive_pool_output': (8, 8), 'dropout': 0.30000000000000004}. Best is trial 39 with value: 0.8880873659953913.
[I 2026-06-11 18:56:24,559] Trial 47 pruned.
[I 2026-06-11 18:57:23,116] Trial 48 pruned.
[I 2026-06-11 18:58:22,645] Trial 49 pruned.
Meilleur paramètres : {'batch_size': 16, 'lr': 0.00021318566351811254, 'weight_decay': 1.8942967474553665e-07, 'n_mels': 32, 'n_fft': 2048, 'hop_length': 512, 'cnn1_out_channels': 48, 'cnn2_out_channels': 112, 'kernel_size': 5, 'pooling_kernel': 2, 'adaptive_pool_output': (8, 8), 'dropout': 0.30000000000000004}
Meilleur accuracy : 0.8880873659953913