(.venv) PS F:\Projet IA - Copie> python .\optuna-training.py
[I 2026-06-11 21:59:03,668] A new study created in memory with name: no-name-a9c0b9cb-35de-41d4-a11c-f18ab3cbdf16
F:\Projet IA - Copie\.venv\lib\site-packages\optuna\distributions.py:502: UserWarning: Choices for a categorical distribution should be a tuple of None, bool, int, float and str for persistent storage but contains (4, 4) which is of type tuple.
  optuna_warn(message)
F:\Projet IA - Copie\.venv\lib\site-packages\optuna\distributions.py:502: UserWarning: Choices for a categorical distribution should be a tuple of None, bool, int, float and str for persistent storage but contains (8, 8) which is of type tuple.
  optuna_warn(message)
F:\Projet IA - Copie\.venv\lib\site-packages\optuna\distributions.py:502: UserWarning: Choices for a categorical distribution should be a tuple of None, bool, int, float and str for persistent storage but contains (2, 2) which is of type tuple.
  optuna_warn(message)
[I 2026-06-11 22:01:19,769] Trial 0 finished with value: 0.6217813846307986 and parameters: {'batch_size': 32, 'lr': 0.0011031946757880556, 'weight_decay': 2.914527686587018e-07, 'n_mels': 128, 'n_fft': 1792, 'hop_length': 384, 'cnn1d_out_channels_1': 64, 'cnn1d_out_channels_2': 32, 'kernel_size_1d': 7, 'pooling_kernel_1d': 3, 'adaptive_pool_1d_output': 20, 'cnn2d_out_channels_1': 128, 'cnn2d_out_channels_2': 32, 'kernel_size_2d': 7, 'pooling_kernel_2d': 3, 'adaptive_pool_2d_output': (2, 2), 'fc_hidden_size': 384, 'dropout': 0.2}. Best is trial 0 with value: 0.6217813846307986.
F:\Projet IA - Copie\.venv\lib\site-packages\optuna\distributions.py:502: UserWarning: Choices for a categorical distribution should be a tuple of None, bool, int, float and str for persistent storage but contains (4, 4) which is of type tuple.
  optuna_warn(message)
F:\Projet IA - Copie\.venv\lib\site-packages\optuna\distributions.py:502: UserWarning: Choices for a categorical distribution should be a tuple of None, bool, int, float and str for persistent storage but contains (8, 8) which is of type tuple.
  optuna_warn(message)
F:\Projet IA - Copie\.venv\lib\site-packages\optuna\distributions.py:502: UserWarning: Choices for a categorical distribution should be a tuple of None, bool, int, float and str for persistent storage but contains (2, 2) which is of type tuple.
  optuna_warn(message)
[I 2026-06-11 22:05:19,313] Trial 1 finished with value: 0.7435126740807534 and parameters: {'batch_size': 16, 'lr': 0.001176535600570147, 'weight_decay': 3.2687446815655154e-05, 'n_mels': 96, 'n_fft': 1024, 'hop_length': 384, 'cnn1d_out_channels_1': 128, 'cnn1d_out_channels_2': 144, 'kernel_size_1d': 3, 'pooling_kernel_1d': 2, 'adaptive_pool_1d_output': 8, 'cnn2d_out_channels_1': 32, 'cnn2d_out_channels_2': 256, 'kernel_size_2d': 5, 'pooling_kernel_2d': 3, 'adaptive_pool_2d_output': (4, 4), 'fc_hidden_size': 448, 'dropout': 0.2}. Best is trial 1 with value: 0.7435126740807534.
[I 2026-06-11 22:09:08,298] Trial 2 finished with value: 0.8365895200881676 and parameters: {'batch_size': 16, 'lr': 7.413211570303777e-05, 'weight_decay': 1.2559245914330243e-06, 'n_mels': 64, 'n_fft': 768, 'hop_length': 512, 'cnn1d_out_channels_1': 80, 'cnn1d_out_channels_2': 160, 'kernel_size_1d': 3, 'pooling_kernel_1d': 2, 'adaptive_pool_1d_output': 32, 'cnn2d_out_channels_1': 112, 'cnn2d_out_channels_2': 240, 'kernel_size_2d': 7, 'pooling_kernel_2d': 3, 'adaptive_pool_2d_output': (2, 2), 'fc_hidden_size': 192, 'dropout': 0.30000000000000004}. Best is trial 2 with value: 0.8365895200881676.
[I 2026-06-11 22:10:34,334] Trial 3 finished with value: 0.03977557358982066 and parameters: {'batch_size': 64, 'lr': 0.008365144398554417, 'weight_decay': 5.079610386617279e-06, 'n_mels': 48, 'n_fft': 1024, 'hop_length': 448, 'cnn1d_out_channels_1': 32, 'cnn1d_out_channels_2': 80, 'kernel_size_1d': 3, 'pooling_kernel_1d': 3, 'adaptive_pool_1d_output': 28, 'cnn2d_out_channels_1': 96, 'cnn2d_out_channels_2': 112, 'kernel_size_2d': 3, 'pooling_kernel_2d': 4, 'adaptive_pool_2d_output': (8, 8), 'fc_hidden_size': 256, 'dropout': 0.30000000000000004}. Best is trial 2 with value: 0.8365895200881676.
[I 2026-06-11 22:12:02,363] Trial 4 finished with value: 0.3647931069031159 and parameters: {'batch_size': 64, 'lr': 0.0021785691884009663, 'weight_decay': 0.00044843936566963966, 'n_mels': 96, 'n_fft': 1024, 'hop_length': 704, 'cnn1d_out_channels_1': 48, 'cnn1d_out_channels_2': 80, 'kernel_size_1d': 3, 'pooling_kernel_1d': 4, 'adaptive_pool_1d_output': 28, 'cnn2d_out_channels_1': 96, 'cnn2d_out_channels_2': 64, 'kernel_size_2d': 3, 'pooling_kernel_2d': 4, 'adaptive_pool_2d_output': (4, 4), 'fc_hidden_size': 192, 'dropout': 0.4}. Best is trial 2 with value: 0.8365895200881676.
[I 2026-06-11 22:14:27,096] Trial 5 finished with value: 0.8140466887085462 and parameters: {'batch_size': 16, 'lr': 0.00016402612152480476, 'weight_decay': 9.3748979815089e-05, 'n_mels': 128, 'n_fft': 1280, 'hop_length': 704, 'cnn1d_out_channels_1': 80, 'cnn1d_out_channels_2': 32, 'kernel_size_1d': 3, 'pooling_kernel_1d': 3, 'adaptive_pool_1d_output': 8, 'cnn2d_out_channels_1': 112, 'cnn2d_out_channels_2': 128, 'kernel_size_2d': 3, 'pooling_kernel_2d': 4, 'adaptive_pool_2d_output': (8, 8), 'fc_hidden_size': 448, 'dropout': 0.1}. Best is trial 2 with value: 0.8365895200881676.
[I 2026-06-11 22:15:26,714] Trial 6 pruned.
[I 2026-06-11 22:17:45,538] Trial 7 pruned.
[I 2026-06-11 22:18:58,991] Trial 8 pruned.
[I 2026-06-11 22:23:25,031] Trial 9 finished with value: 0.806632601943693 and parameters: {'batch_size': 32, 'lr': 4.5182944028642315e-05, 'weight_decay': 4.2236256677606945e-07, 'n_mels': 32, 'n_fft': 2048, 'hop_length': 320, 'cnn1d_out_channels_1': 64, 'cnn1d_out_channels_2': 240, 'kernel_size_1d': 3, 'pooling_kernel_1d': 2, 'adaptive_pool_1d_output': 24, 'cnn2d_out_channels_1': 48, 'cnn2d_out_channels_2': 96, 'kernel_size_2d': 5, 'pooling_kernel_2d': 3, 'adaptive_pool_2d_output': (8, 8), 'fc_hidden_size': 64, 'dropout': 0.0}. Best is trial 2 with value: 0.8365895200881676.
[I 2026-06-11 22:24:47,621] Trial 10 pruned.
F:\Projet IA - Copie\.venv\lib\site-packages\torchaudio\functional\functional.py:584: UserWarning: At least one mel filterbank has all zero values. The value for `n_mels` (128) may be set too high. Or, the value for `n_freqs` (257) may be set too low.
  warnings.warn(
[I 2026-06-11 22:27:27,504] Trial 11 finished with value: 0.8370904718966036 and parameters: {'batch_size': 16, 'lr': 0.00017530025063013042, 'weight_decay': 0.0009270735930822637, 'n_mels': 128, 'n_fft': 512, 'hop_length': 640, 'cnn1d_out_channels_1': 96, 'cnn1d_out_channels_2': 32, 'kernel_size_1d': 3, 'pooling_kernel_1d': 3, 'adaptive_pool_1d_output': 8, 'cnn2d_out_channels_1': 128, 'cnn2d_out_channels_2': 192, 'kernel_size_2d': 5, 'pooling_kernel_2d': 3, 'adaptive_pool_2d_output': (8, 8), 'fc_hidden_size': 320, 'dropout': 0.0}. Best is trial 11 with value: 0.8370904718966036.
[I 2026-06-11 22:30:16,502] Trial 12 finished with value: 0.8488127442140067 and parameters: {'batch_size': 16, 'lr': 0.00020843250384923706, 'weight_decay': 1.3921950209157027e-06, 'n_mels': 64, 'n_fft': 512, 'hop_length': 576, 'cnn1d_out_channels_1': 96, 'cnn1d_out_channels_2': 128, 'kernel_size_1d': 5, 'pooling_kernel_1d': 3, 'adaptive_pool_1d_output': 12, 'cnn2d_out_channels_1': 128, 'cnn2d_out_channels_2': 192, 'kernel_size_2d': 5, 'pooling_kernel_2d': 3, 'adaptive_pool_2d_output': (2, 2), 'fc_hidden_size': 320, 'dropout': 0.0}. Best is trial 12 with value: 0.8488127442140067.
[I 2026-06-11 22:33:31,073] Trial 13 pruned.
[I 2026-06-11 22:34:57,848] Trial 14 pruned.
[I 2026-06-11 22:38:13,369] Trial 15 finished with value: 0.8770664262097986 and parameters: {'batch_size': 16, 'lr': 7.742854225812231e-05, 'weight_decay': 9.290133717150751e-06, 'n_mels': 112, 'n_fft': 768, 'hop_length': 576, 'cnn1d_out_channels_1': 96, 'cnn1d_out_channels_2': 112, 'kernel_size_1d': 7, 'pooling_kernel_1d': 3, 'adaptive_pool_1d_output': 12, 'cnn2d_out_channels_1': 112, 'cnn2d_out_channels_2': 176, 'kernel_size_2d': 5, 'pooling_kernel_2d': 3, 'adaptive_pool_2d_output': (8, 8), 'fc_hidden_size': 320, 'dropout': 0.1}. Best is trial 15 with value: 0.8770664262097986.
[I 2026-06-11 22:39:37,517] Trial 16 pruned.
[I 2026-06-11 22:42:18,213] Trial 17 finished with value: 0.8555254984470494 and parameters: {'batch_size': 16, 'lr': 8.57933521191798e-05, 'weight_decay': 1.8710496631202228e-06, 'n_mels': 112, 'n_fft': 768, 'hop_length': 768, 'cnn1d_out_channels_1': 16, 'cnn1d_out_channels_2': 112, 'kernel_size_1d': 7, 'pooling_kernel_1d': 4, 'adaptive_pool_1d_output': 12, 'cnn2d_out_channels_1': 80, 'cnn2d_out_channels_2': 224, 'kernel_size_2d': 5, 'pooling_kernel_2d': 2, 'adaptive_pool_2d_output': (8, 8), 'fc_hidden_size': 256, 'dropout': 0.1}. Best is trial 15 with value: 0.8770664262097986.
[I 2026-06-11 22:43:26,082] Trial 18 pruned.
[I 2026-06-11 22:45:32,011] Trial 19 finished with value: 0.8550245466386134 and parameters: {'batch_size': 32, 'lr': 8.291180185992944e-05, 'weight_decay': 4.538634442465221e-05, 'n_mels': 112, 'n_fft': 1280, 'hop_length': 768, 'cnn1d_out_channels_1': 16, 'cnn1d_out_channels_2': 192, 'kernel_size_1d': 7, 'pooling_kernel_1d': 4, 'adaptive_pool_1d_output': 12, 'cnn2d_out_channels_1': 64, 'cnn2d_out_channels_2': 160, 'kernel_size_2d': 7, 'pooling_kernel_2d': 2, 'adaptive_pool_2d_output': (8, 8), 'fc_hidden_size': 256, 'dropout': 0.2}. Best is trial 15 with value: 0.8770664262097986.
[I 2026-06-11 22:48:19,572] Trial 20 finished with value: 0.8377918044284139 and parameters: {'batch_size': 16, 'lr': 8.407505105374181e-05, 'weight_decay': 3.0802750638711957e-06, 'n_mels': 112, 'n_fft': 768, 'hop_length': 832, 'cnn1d_out_channels_1': 48, 'cnn1d_out_channels_2': 112, 'kernel_size_1d': 7, 'pooling_kernel_1d': 4, 'adaptive_pool_1d_output': 20, 'cnn2d_out_channels_1': 80, 'cnn2d_out_channels_2': 224, 'kernel_size_2d': 5, 'pooling_kernel_2d': 2, 'adaptive_pool_2d_output': (8, 8), 'fc_hidden_size': 256, 'dropout': 0.1}. Best is trial 15 with value: 0.8770664262097986.
[I 2026-06-11 22:50:27,002] Trial 21 finished with value: 0.8539224526600541 and parameters: {'batch_size': 32, 'lr': 8.289734436698334e-05, 'weight_decay': 3.383394361679269e-05, 'n_mels': 112, 'n_fft': 1280, 'hop_length': 768, 'cnn1d_out_channels_1': 16, 'cnn1d_out_channels_2': 208, 'kernel_size_1d': 7, 'pooling_kernel_1d': 4, 'adaptive_pool_1d_output': 12, 'cnn2d_out_channels_1': 64, 'cnn2d_out_channels_2': 160, 'kernel_size_2d': 7, 'pooling_kernel_2d': 2, 'adaptive_pool_2d_output': (8, 8), 'fc_hidden_size': 256, 'dropout': 0.2}. Best is trial 15 with value: 0.8770664262097986.
[I 2026-06-11 22:52:45,263] Trial 22 finished with value: 0.8497144574691915 and parameters: {'batch_size': 32, 'lr': 4.588145748603846e-05, 'weight_decay': 2.5642263577543295e-05, 'n_mels': 96, 'n_fft': 1536, 'hop_length': 768, 'cnn1d_out_channels_1': 32, 'cnn1d_out_channels_2': 224, 'kernel_size_1d': 7, 'pooling_kernel_1d': 4, 'adaptive_pool_1d_output': 16, 'cnn2d_out_channels_1': 64, 'cnn2d_out_channels_2': 160, 'kernel_size_2d': 7, 'pooling_kernel_2d': 2, 'adaptive_pool_2d_output': (8, 8), 'fc_hidden_size': 256, 'dropout': 0.2}. Best is trial 15 with value: 0.8770664262097986.
[I 2026-06-11 22:54:15,216] Trial 23 pruned.
[I 2026-06-11 22:56:49,909] Trial 24 pruned.
[I 2026-06-11 22:58:02,622] Trial 25 pruned.
[I 2026-06-11 22:59:14,207] Trial 26 pruned.
[I 2026-06-11 23:00:25,888] Trial 27 pruned.
[I 2026-06-11 23:04:28,149] Trial 28 finished with value: 0.8464081755335137 and parameters: {'batch_size': 64, 'lr': 0.00012592859481080017, 'weight_decay': 0.00024861830711868463, 'n_mels': 128, 'n_fft': 768, 'hop_length': 832, 'cnn1d_out_channels_1': 48, 'cnn1d_out_channels_2': 144, 'kernel_size_1d': 7, 'pooling_kernel_1d': 4, 'adaptive_pool_1d_output': 12, 'cnn2d_out_channels_1': 96, 'cnn2d_out_channels_2': 208, 'kernel_size_2d': 7, 'pooling_kernel_2d': 2, 'adaptive_pool_2d_output': (8, 8), 'fc_hidden_size': 384, 'dropout': 0.2}. Best is trial 15 with value: 0.8770664262097986.
[I 2026-06-11 23:06:06,100] Trial 29 pruned.
[I 2026-06-11 23:07:02,325] Trial 30 pruned.
[I 2026-06-11 23:09:07,565] Trial 31 finished with value: 0.8486123634906322 and parameters: {'batch_size': 32, 'lr': 9.120147573158592e-05, 'weight_decay': 2.6609833708251777e-05, 'n_mels': 112, 'n_fft': 1280, 'hop_length': 768, 'cnn1d_out_channels_1': 16, 'cnn1d_out_channels_2': 208, 'kernel_size_1d': 7, 'pooling_kernel_1d': 4, 'adaptive_pool_1d_output': 12, 'cnn2d_out_channels_1': 64, 'cnn2d_out_channels_2': 160, 'kernel_size_2d': 7, 'pooling_kernel_2d': 2, 'adaptive_pool_2d_output': (8, 8), 'fc_hidden_size': 256, 'dropout': 0.2}. Best is trial 15 with value: 0.8770664262097986.
[I 2026-06-11 23:11:01,644] Trial 32 finished with value: 0.8486123634906322 and parameters: {'batch_size': 32, 'lr': 6.36378199567461e-05, 'weight_decay': 2.8782276898366767e-05, 'n_mels': 96, 'n_fft': 1280, 'hop_length': 896, 'cnn1d_out_channels_1': 16, 'cnn1d_out_channels_2': 192, 'kernel_size_1d': 7, 'pooling_kernel_1d': 4, 'adaptive_pool_1d_output': 8, 'cnn2d_out_channels_1': 48, 'cnn2d_out_channels_2': 176, 'kernel_size_2d': 7, 'pooling_kernel_2d': 2, 'adaptive_pool_2d_output': (8, 8), 'fc_hidden_size': 256, 'dropout': 0.2}. Best is trial 15 with value: 0.8770664262097986.
[I 2026-06-11 23:12:07,991] Trial 33 pruned.
[I 2026-06-11 23:13:12,390] Trial 34 pruned.
[I 2026-06-11 23:14:35,827] Trial 35 pruned.
[I 2026-06-11 23:17:56,437] Trial 36 pruned.
[I 2026-06-11 23:19:07,711] Trial 37 pruned.
[I 2026-06-11 23:21:33,173] Trial 38 pruned.
[I 2026-06-11 23:22:35,476] Trial 39 pruned.
[I 2026-06-11 23:25:12,892] Trial 40 pruned.
[I 2026-06-11 23:27:34,255] Trial 41 finished with value: 0.8556256888087366 and parameters: {'batch_size': 32, 'lr': 5.0053690062805295e-05, 'weight_decay': 2.149883076350178e-05, 'n_mels': 96, 'n_fft': 1536, 'hop_length': 768, 'cnn1d_out_channels_1': 32, 'cnn1d_out_channels_2': 240, 'kernel_size_1d': 7, 'pooling_kernel_1d': 4, 'adaptive_pool_1d_output': 16, 'cnn2d_out_channels_1': 64, 'cnn2d_out_channels_2': 160, 'kernel_size_2d': 7, 'pooling_kernel_2d': 2, 'adaptive_pool_2d_output': (8, 8), 'fc_hidden_size': 256, 'dropout': 0.2}. Best is trial 15 with value: 0.8770664262097986.
[I 2026-06-11 23:28:37,497] Trial 42 pruned.
[I 2026-06-11 23:29:50,332] Trial 43 pruned.
[I 2026-06-11 23:32:22,040] Trial 44 pruned.
[I 2026-06-11 23:35:14,156] Trial 45 finished with value: 0.8625388237651538 and parameters: {'batch_size': 16, 'lr': 0.000178731636858505, 'weight_decay': 1.1884397148824384e-05, 'n_mels': 112, 'n_fft': 1024, 'hop_length': 832, 'cnn1d_out_channels_1': 32, 'cnn1d_out_channels_2': 224, 'kernel_size_1d': 7, 'pooling_kernel_1d': 4, 'adaptive_pool_1d_output': 12, 'cnn2d_out_channels_1': 48, 'cnn2d_out_channels_2': 160, 'kernel_size_2d': 5, 'pooling_kernel_2d': 2, 'adaptive_pool_2d_output': (8, 8), 'fc_hidden_size': 512, 'dropout': 0.2}. Best is trial 15 with value: 0.8770664262097986.
[I 2026-06-11 23:36:30,131] Trial 46 pruned.
[I 2026-06-11 23:37:48,213] Trial 47 pruned.
[I 2026-06-11 23:40:23,283] Trial 48 pruned.
[I 2026-06-11 23:41:44,794] Trial 49 pruned.
Meilleur paramètres : {'batch_size': 16, 'lr': 7.742854225812231e-05, 'weight_decay': 9.290133717150751e-06, 'n_mels': 112, 'n_fft': 768, 'hop_length': 576, 'cnn1d_out_channels_1': 96, 'cnn1d_out_channels_2': 112, 'kernel_size_1d': 7, 'pooling_kernel_1d': 3, 'adaptive_pool_1d_output': 12, 'cnn2d_out_channels_1': 112, 'cnn2d_out_channels_2': 176, 'kernel_size_2d': 5, 'pooling_kernel_2d': 3, 'adaptive_pool_2d_output': (8, 8), 'fc_hidden_size': 320, 'dropout': 0.1}
Meilleur accuracy : 0.8770664262097986