(.venv) PS F:\Projet IA - Copie> python .\optuna-training.py
[I 2026-06-11 19:05:30,430] A new study created in memory with name: no-name-3e928f69-3805-4e68-b2a1-0cc7f13e1b49
F:\Projet IA - Copie\.venv\lib\site-packages\optuna\distributions.py:502: UserWarning: Choices for a categorical distribution should be a tuple of None, bool, int, float and str for persistent storage but contains (4, 4) which is of type tuple.
  optuna_warn(message)
F:\Projet IA - Copie\.venv\lib\site-packages\optuna\distributions.py:502: UserWarning: Choices for a categorical distribution should be a tuple of None, bool, int, float and str for persistent storage but contains (8, 8) which is of type tuple.
  optuna_warn(message)
F:\Projet IA - Copie\.venv\lib\site-packages\optuna\distributions.py:502: UserWarning: Choices for a categorical distribution should be a tuple of None, bool, int, float and str for persistent storage but contains (2, 2) which is of type tuple.
  optuna_warn(message)
[I 2026-06-11 19:07:11,015] Trial 0 finished with value: 0.03847309888788698 and parameters: {'batch_size': 32, 'lr': 0.006530690330238898, 'weight_decay': 1.5521545743336638e-07, 'n_mels': 112, 'n_fft': 768, 'hop_length': 320, 'cnn1_out_channels': 32, 'cnn2_out_channels': 64, 'kernel_size': 5, 'pooling_kernel': 3, 'adaptive_pool_output': (4, 4), 'lstm_hidden_size': 64, 'lstm_num_layers': 3, 'fc_hidden_size': 320, 'dropout': 0.4}. Best is trial 0 with value: 0.03847309888788698.
F:\Projet IA - Copie\.venv\lib\site-packages\optuna\distributions.py:502: UserWarning: Choices for a categorical distribution should be a tuple of None, bool, int, float and str for persistent storage but contains (4, 4) which is of type tuple.
  optuna_warn(message)
F:\Projet IA - Copie\.venv\lib\site-packages\optuna\distributions.py:502: UserWarning: Choices for a categorical distribution should be a tuple of None, bool, int, float and str for persistent storage but contains (8, 8) which is of type tuple.
  optuna_warn(message)
F:\Projet IA - Copie\.venv\lib\site-packages\optuna\distributions.py:502: UserWarning: Choices for a categorical distribution should be a tuple of None, bool, int, float and str for persistent storage but contains (2, 2) which is of type tuple.
  optuna_warn(message)
[I 2026-06-11 19:10:33,537] Trial 1 finished with value: 0.03847309888788698 and parameters: {'batch_size': 16, 'lr': 0.005844516228722079, 'weight_decay': 1.0781426882283526e-06, 'n_mels': 48, 'n_fft': 2048, 'hop_length': 1024, 'cnn1_out_channels': 32, 'cnn2_out_channels': 128, 'kernel_size': 7, 'pooling_kernel': 3, 'adaptive_pool_output': (8, 8), 'lstm_hidden_size': 256, 'lstm_num_layers': 3, 'fc_hidden_size': 384, 'dropout': 0.30000000000000004}. Best is trial 0 with value: 0.03847309888788698.
[I 2026-06-11 19:13:17,676] Trial 2 finished with value: 0.7648532211201282 and parameters: {'batch_size': 16, 'lr': 0.00040932777764670963, 'weight_decay': 1.3419163777180474e-06, 'n_mels': 96, 'n_fft': 768, 'hop_length': 576, 'cnn1_out_channels': 64, 'cnn2_out_channels': 240, 'kernel_size': 3, 'pooling_kernel': 2, 'adaptive_pool_output': (4, 4), 'lstm_hidden_size': 160, 'lstm_num_layers': 3, 'fc_hidden_size': 128, 'dropout': 0.30000000000000004}. Best is trial 2 with value: 0.7648532211201282.
[I 2026-06-11 19:15:30,342] Trial 3 finished with value: 0.7270814547640517 and parameters: {'batch_size': 16, 'lr': 0.0006728239793239083, 'weight_decay': 0.0002187673449484819, 'n_mels': 32, 'n_fft': 512, 'hop_length': 896, 'cnn1_out_channels': 112, 'cnn2_out_channels': 208, 'kernel_size': 3, 'pooling_kernel': 4, 'adaptive_pool_output': (4, 4), 'lstm_hidden_size': 192, 'lstm_num_layers': 1, 'fc_hidden_size': 384, 'dropout': 0.2}. Best is trial 2 with value: 0.7648532211201282.
[I 2026-06-11 19:17:22,084] Trial 4 finished with value: 0.18585312092976655 and parameters: {'batch_size': 32, 'lr': 0.0006439863543090132, 'weight_decay': 6.39801666882723e-06, 'n_mels': 128, 'n_fft': 1280, 'hop_length': 704, 'cnn1_out_channels': 128, 'cnn2_out_channels': 160, 'kernel_size': 7, 'pooling_kernel': 4, 'adaptive_pool_output': (4, 4), 'lstm_hidden_size': 64, 'lstm_num_layers': 2, 'fc_hidden_size': 128, 'dropout': 0.1}. Best is trial 2 with value: 0.7648532211201282.
[I 2026-06-11 19:19:33,231] Trial 5 finished with value: 0.5331129145376214 and parameters: {'batch_size': 32, 'lr': 1.575136946663901e-05, 'weight_decay': 1.3992724139150608e-06, 'n_mels': 48, 'n_fft': 2048, 'hop_length': 320, 'cnn1_out_channels': 16, 'cnn2_out_channels': 96, 'kernel_size': 5, 'pooling_kernel': 3, 'adaptive_pool_output': (4, 4), 'lstm_hidden_size': 96, 'lstm_num_layers': 2, 'fc_hidden_size': 256, 'dropout': 0.0}. Best is trial 2 with value: 0.7648532211201282.
[I 2026-06-11 19:20:22,627] Trial 6 pruned.
[I 2026-06-11 19:21:32,327] Trial 7 pruned.
F:\Projet IA - Copie\.venv\lib\site-packages\torchaudio\functional\functional.py:584: UserWarning: At least one mel filterbank has all zero values. The value for `n_mels` (128) may be set too high. Or, the value for `n_freqs` (257) may be set too low.
  warnings.warn(
[I 2026-06-11 19:22:40,971] Trial 8 pruned.
[I 2026-06-11 19:23:54,176] Trial 9 pruned.
[I 2026-06-11 19:25:20,111] Trial 10 finished with value: 0.8887886985272017 and parameters: {'batch_size': 64, 'lr': 0.00013132806503552357, 'weight_decay': 4.955017578556337e-05, 'n_mels': 80, 'n_fft': 1280, 'hop_length': 512, 'cnn1_out_channels': 64, 'cnn2_out_channels': 256, 'kernel_size': 7, 'pooling_kernel': 2, 'adaptive_pool_output': (8, 8), 'lstm_hidden_size': 256, 'lstm_num_layers': 1, 'fc_hidden_size': 192, 'dropout': 0.30000000000000004}. Best is trial 10 with value: 0.8887886985272017.
[I 2026-06-11 19:26:40,562] Trial 11 finished with value: 0.8715559563170023 and parameters: {'batch_size': 64, 'lr': 0.00010934492754344335, 'weight_decay': 5.413205113714224e-05, 'n_mels': 80, 'n_fft': 1280, 'hop_length': 576, 'cnn1_out_channels': 64, 'cnn2_out_channels': 256, 'kernel_size': 7, 'pooling_kernel': 2, 'adaptive_pool_output': (8, 8), 'lstm_hidden_size': 256, 'lstm_num_layers': 1, 'fc_hidden_size': 192, 'dropout': 0.30000000000000004}. Best is trial 10 with value: 0.8887886985272017.
[I 2026-06-11 19:28:05,599] Trial 12 finished with value: 0.8813746117623484 and parameters: {'batch_size': 64, 'lr': 9.558279444808336e-05, 'weight_decay': 4.9810518860977355e-05, 'n_mels': 80, 'n_fft': 1280, 'hop_length': 512, 'cnn1_out_channels': 48, 'cnn2_out_channels': 256, 'kernel_size': 7, 'pooling_kernel': 2, 'adaptive_pool_output': (8, 8), 'lstm_hidden_size': 256, 'lstm_num_layers': 1, 'fc_hidden_size': 192, 'dropout': 0.30000000000000004}. Best is trial 10 with value: 0.8887886985272017.
[I 2026-06-11 19:29:34,990] Trial 13 finished with value: 0.9059212503757138 and parameters: {'batch_size': 64, 'lr': 0.00012666263428979323, 'weight_decay': 4.218443173931382e-05, 'n_mels': 80, 'n_fft': 1536, 'hop_length': 448, 'cnn1_out_channels': 48, 'cnn2_out_channels': 256, 'kernel_size': 7, 'pooling_kernel': 2, 'adaptive_pool_output': (8, 8), 'lstm_hidden_size': 224, 'lstm_num_layers': 1, 'fc_hidden_size': 256, 'dropout': 0.2}. Best is trial 13 with value: 0.9059212503757138.
[I 2026-06-11 19:31:00,213] Trial 14 finished with value: 0.9067227732692115 and parameters: {'batch_size': 64, 'lr': 0.00016566759925326085, 'weight_decay': 4.0943190259740773e-05, 'n_mels': 80, 'n_fft': 1536, 'hop_length': 448, 'cnn1_out_channels': 48, 'cnn2_out_channels': 192, 'kernel_size': 7, 'pooling_kernel': 2, 'adaptive_pool_output': (8, 8), 'lstm_hidden_size': 224, 'lstm_num_layers': 1, 'fc_hidden_size': 256, 'dropout': 0.2}. Best is trial 14 with value: 0.9067227732692115.
[I 2026-06-11 19:32:09,279] Trial 15 finished with value: 0.908426009417894 and parameters: {'batch_size': 64, 'lr': 0.00024017333723709363, 'weight_decay': 0.0009129513865590046, 'n_mels': 64, 'n_fft': 1536, 'hop_length': 256, 'cnn1_out_channels': 16, 'cnn2_out_channels': 192, 'kernel_size': 5, 'pooling_kernel': 3, 'adaptive_pool_output': (8, 8), 'lstm_hidden_size': 224, 'lstm_num_layers': 1, 'fc_hidden_size': 320, 'dropout': 0.1}. Best is trial 15 with value: 0.908426009417894.
[I 2026-06-11 19:33:15,836] Trial 16 finished with value: 0.897705640717363 and parameters: {'batch_size': 64, 'lr': 0.0003011694743428205, 'weight_decay': 0.0009464514037750517, 'n_mels': 64, 'n_fft': 1792, 'hop_length': 256, 'cnn1_out_channels': 16, 'cnn2_out_channels': 192, 'kernel_size': 5, 'pooling_kernel': 3, 'adaptive_pool_output': (8, 8), 'lstm_hidden_size': 192, 'lstm_num_layers': 1, 'fc_hidden_size': 320, 'dropout': 0.0}. Best is trial 15 with value: 0.908426009417894.
[I 2026-06-11 19:34:33,630] Trial 17 finished with value: 0.8785692816351067 and parameters: {'batch_size': 64, 'lr': 0.00025675510526916963, 'weight_decay': 0.0009729497388295526, 'n_mels': 64, 'n_fft': 1536, 'hop_length': 384, 'cnn1_out_channels': 32, 'cnn2_out_channels': 32, 'kernel_size': 5, 'pooling_kernel': 3, 'adaptive_pool_output': (8, 8), 'lstm_hidden_size': 224, 'lstm_num_layers': 2, 'fc_hidden_size': 320, 'dropout': 0.1}. Best is trial 15 with value: 0.908426009417894.
[I 2026-06-11 19:35:17,367] Trial 18 pruned.
[I 2026-06-11 19:36:04,619] Trial 19 pruned.
[I 2026-06-11 19:37:05,417] Trial 20 pruned.
[I 2026-06-11 19:38:33,027] Trial 21 finished with value: 0.911832481715259 and parameters: {'batch_size': 64, 'lr': 0.00017560318362574382, 'weight_decay': 1.8795987353110857e-05, 'n_mels': 80, 'n_fft': 1536, 'hop_length': 448, 'cnn1_out_channels': 48, 'cnn2_out_channels': 224, 'kernel_size': 7, 'pooling_kernel': 2, 'adaptive_pool_output': (8, 8), 'lstm_hidden_size': 224, 'lstm_num_layers': 1, 'fc_hidden_size': 256, 'dropout': 0.2}. Best is trial 21 with value: 0.911832481715259.
[I 2026-06-11 19:39:55,089] Trial 22 finished with value: 0.9189459973950506 and parameters: {'batch_size': 64, 'lr': 0.0002509266876598951, 'weight_decay': 2.34498174330265e-05, 'n_mels': 64, 'n_fft': 1536, 'hop_length': 448, 'cnn1_out_channels': 48, 'cnn2_out_channels': 224, 'kernel_size': 7, 'pooling_kernel': 2, 'adaptive_pool_output': (8, 8), 'lstm_hidden_size': 192, 'lstm_num_layers': 1, 'fc_hidden_size': 320, 'dropout': 0.2}. Best is trial 22 with value: 0.9189459973950506.
[I 2026-06-11 19:41:40,955] Trial 23 finished with value: 0.9035166816952209 and parameters: {'batch_size': 64, 'lr': 0.0005123243861256627, 'weight_decay': 1.5228014958731955e-05, 'n_mels': 64, 'n_fft': 1792, 'hop_length': 384, 'cnn1_out_channels': 80, 'cnn2_out_channels': 224, 'kernel_size': 7, 'pooling_kernel': 2, 'adaptive_pool_output': (8, 8), 'lstm_hidden_size': 192, 'lstm_num_layers': 1, 'fc_hidden_size': 320, 'dropout': 0.2}. Best is trial 22 with value: 0.9189459973950506.
[I 2026-06-11 19:42:46,966] Trial 24 finished with value: 0.8991083057809839 and parameters: {'batch_size': 64, 'lr': 0.00023829912263686226, 'weight_decay': 0.00011061891302380691, 'n_mels': 48, 'n_fft': 1536, 'hop_length': 576, 'cnn1_out_channels': 16, 'cnn2_out_channels': 224, 'kernel_size': 7, 'pooling_kernel': 2, 'adaptive_pool_output': (8, 8), 'lstm_hidden_size': 160, 'lstm_num_layers': 1, 'fc_hidden_size': 384, 'dropout': 0.1}. Best is trial 22 with value: 0.9189459973950506.
[I 2026-06-11 19:43:30,362] Trial 25 pruned.
[I 2026-06-11 19:46:12,639] Trial 26 finished with value: 0.8927963129946899 and parameters: {'batch_size': 64, 'lr': 0.0008642946246620001, 'weight_decay': 0.0001033945939482425, 'n_mels': 64, 'n_fft': 1024, 'hop_length': 448, 'cnn1_out_channels': 64, 'cnn2_out_channels': 176, 'kernel_size': 7, 'pooling_kernel': 2, 'adaptive_pool_output': (8, 8), 'lstm_hidden_size': 224, 'lstm_num_layers': 1, 'fc_hidden_size': 448, 'dropout': 0.2}. Best is trial 22 with value: 0.9189459973950506.
[I 2026-06-11 19:47:01,554] Trial 27 pruned.
[I 2026-06-11 19:47:46,946] Trial 28 pruned.
[I 2026-06-11 19:48:37,721] Trial 29 pruned.
[I 2026-06-11 19:51:13,123] Trial 30 finished with value: 0.9125338142470695 and parameters: {'batch_size': 64, 'lr': 0.00033558073085707184, 'weight_decay': 2.327479715131571e-05, 'n_mels': 80, 'n_fft': 1792, 'hop_length': 320, 'cnn1_out_channels': 16, 'cnn2_out_channels': 240, 'kernel_size': 5, 'pooling_kernel': 3, 'adaptive_pool_output': (8, 8), 'lstm_hidden_size': 224, 'lstm_num_layers': 2, 'fc_hidden_size': 384, 'dropout': 0.0}. Best is trial 22 with value: 0.9189459973950506.
[I 2026-06-11 19:52:28,601] Trial 31 finished with value: 0.8969041178238654 and parameters: {'batch_size': 64, 'lr': 0.00016387376885468018, 'weight_decay': 1.0303202831293818e-07, 'n_mels': 80, 'n_fft': 1792, 'hop_length': 320, 'cnn1_out_channels': 16, 'cnn2_out_channels': 240, 'kernel_size': 5, 'pooling_kernel': 3, 'adaptive_pool_output': (8, 8), 'lstm_hidden_size': 224, 'lstm_num_layers': 2, 'fc_hidden_size': 384, 'dropout': 0.0}. Best is trial 22 with value: 0.9189459973950506.
[I 2026-06-11 19:53:51,161] Trial 32 finished with value: 0.9057208696523394 and parameters: {'batch_size': 64, 'lr': 0.0003432565425761946, 'weight_decay': 8.78413729531999e-06, 'n_mels': 64, 'n_fft': 1536, 'hop_length': 384, 'cnn1_out_channels': 32, 'cnn2_out_channels': 208, 'kernel_size': 5, 'pooling_kernel': 3, 'adaptive_pool_output': (8, 8), 'lstm_hidden_size': 224, 'lstm_num_layers': 3, 'fc_hidden_size': 512, 'dropout': 0.0}. Best is trial 22 with value: 0.9189459973950506.
[I 2026-06-11 19:55:16,856] Trial 33 finished with value: 0.8985071636108606 and parameters: {'batch_size': 64, 'lr': 0.00018148607314591504, 'weight_decay': 2.6858331494830524e-05, 'n_mels': 80, 'n_fft': 2048, 'hop_length': 256, 'cnn1_out_channels': 16, 'cnn2_out_channels': 240, 'kernel_size': 5, 'pooling_kernel': 3, 'adaptive_pool_output': (8, 8), 'lstm_hidden_size': 256, 'lstm_num_layers': 3, 'fc_hidden_size': 384, 'dropout': 0.1}. Best is trial 22 with value: 0.9189459973950506.
[I 2026-06-11 19:56:46,321] Trial 34 finished with value: 0.8984069732491734 and parameters: {'batch_size': 64, 'lr': 0.0004207838557692557, 'weight_decay': 0.00010226788838287778, 'n_mels': 96, 'n_fft': 1792, 'hop_length': 320, 'cnn1_out_channels': 48, 'cnn2_out_channels': 224, 'kernel_size': 7, 'pooling_kernel': 3, 'adaptive_pool_output': (8, 8), 'lstm_hidden_size': 192, 'lstm_num_layers': 2, 'fc_hidden_size': 320, 'dropout': 0.1}. Best is trial 22 with value: 0.9189459973950506.
[I 2026-06-11 19:58:16,275] Trial 35 finished with value: 0.9024145877166616 and parameters: {'batch_size': 32, 'lr': 0.000983524355030791, 'weight_decay': 4.291980701161064e-06, 'n_mels': 48, 'n_fft': 1536, 'hop_length': 448, 'cnn1_out_channels': 16, 'cnn2_out_channels': 192, 'kernel_size': 3, 'pooling_kernel': 2, 'adaptive_pool_output': (4, 4), 'lstm_hidden_size': 192, 'lstm_num_layers': 2, 'fc_hidden_size': 448, 'dropout': 0.0}. Best is trial 22 with value: 0.9189459973950506.
[I 2026-06-11 19:59:25,924] Trial 36 pruned.
[I 2026-06-11 20:00:24,664] Trial 37 pruned.
[I 2026-06-11 20:01:25,266] Trial 38 pruned.
[I 2026-06-11 20:02:09,771] Trial 39 pruned.
[I 2026-06-11 20:03:25,242] Trial 40 pruned.
[I 2026-06-11 20:04:51,550] Trial 41 finished with value: 0.9102294359282637 and parameters: {'batch_size': 64, 'lr': 0.00017804659174003394, 'weight_decay': 3.3067034344239374e-05, 'n_mels': 80, 'n_fft': 1536, 'hop_length': 448, 'cnn1_out_channels': 48, 'cnn2_out_channels': 192, 'kernel_size': 7, 'pooling_kernel': 2, 'adaptive_pool_output': (8, 8), 'lstm_hidden_size': 224, 'lstm_num_layers': 1, 'fc_hidden_size': 256, 'dropout': 0.2}. Best is trial 22 with value: 0.9189459973950506.
[I 2026-06-11 20:05:41,088] Trial 42 pruned.
[I 2026-06-11 20:07:02,786] Trial 43 finished with value: 0.9173429516080553 and parameters: {'batch_size': 64, 'lr': 0.00032865600287739654, 'weight_decay': 7.409013556284866e-05, 'n_mels': 64, 'n_fft': 1792, 'hop_length': 512, 'cnn1_out_channels': 64, 'cnn2_out_channels': 176, 'kernel_size': 7, 'pooling_kernel': 2, 'adaptive_pool_output': (8, 8), 'lstm_hidden_size': 224, 'lstm_num_layers': 1, 'fc_hidden_size': 320, 'dropout': 0.2}. Best is trial 22 with value: 0.9189459973950506.
[I 2026-06-11 20:07:50,957] Trial 44 pruned.
[I 2026-06-11 20:08:46,728] Trial 45 pruned.
[I 2026-06-11 20:09:57,340] Trial 46 pruned.
[I 2026-06-11 20:11:22,897] Trial 47 finished with value: 0.9135357178639415 and parameters: {'batch_size': 64, 'lr': 0.00031822247359781646, 'weight_decay': 7.375137913417968e-05, 'n_mels': 80, 'n_fft': 1280, 'hop_length': 512, 'cnn1_out_channels': 64, 'cnn2_out_channels': 240, 'kernel_size': 7, 'pooling_kernel': 2, 'adaptive_pool_output': (8, 8), 'lstm_hidden_size': 256, 'lstm_num_layers': 1, 'fc_hidden_size': 128, 'dropout': 0.2}. Best is trial 22 with value: 0.9189459973950506.
[I 2026-06-11 20:12:14,401] Trial 48 pruned.
[I 2026-06-11 20:13:03,215] Trial 49 pruned.
Meilleur paramètres : {'batch_size': 64, 'lr': 0.0002509266876598951, 'weight_decay': 2.34498174330265e-05, 'n_mels': 64, 'n_fft': 1536, 'hop_length': 448, 'cnn1_out_channels': 48, 'cnn2_out_channels': 224, 'kernel_size': 7, 'pooling_kernel': 2, 'adaptive_pool_output': (8, 8), 'lstm_hidden_size': 192, 'lstm_num_layers': 1, 'fc_hidden_size': 320, 'dropout': 0.2}
Meilleur accuracy : 0.9189459973950506