(.venv) PS F:\Projet IA> py .\optuna-training.py
[I 2026-06-08 10:01:36,492] A new study created in memory with name: no-name-67dca2f1-483e-4923-8c5c-15543f6cc32b
[I 2026-06-08 10:04:10,076] Trial 0 finished with value: 0.4660855625688809 and parameters: {'batch_size': 32, 'lr': 0.0027212198452549797, 'weight_decay': 7.147259935954634e-05, 'dropout': 0.1}. Best is trial 0 with value: 0.4660855625688809.
[I 2026-06-08 10:05:37,796] Trial 1 finished with value: 0.03977557358982066 and parameters: {'batch_size': 32, 'lr': 0.002376337622143154, 'weight_decay': 6.117918419802069e-07, 'dropout': 0.5}. Best is trial 0 with value: 0.4660855625688809.
[I 2026-06-08 10:07:45,471] Trial 2 finished with value: 0.46418194569682397 and parameters: {'batch_size': 16, 'lr': 6.892291150032724e-05, 'weight_decay': 5.087938102093955e-07, 'dropout': 0.30000000000000004}. Best is trial 0 with value: 0.4660855625688809.
[I 2026-06-08 10:09:15,891] Trial 3 finished with value: 0.03977557358982066 and parameters: {'batch_size': 32, 'lr': 0.007471423735382765, 'weight_decay': 1.9510232632833357e-07, 'dropout': 0.30000000000000004}. Best is trial 0 with value: 0.4660855625688809.
[I 2026-06-08 10:11:24,280] Trial 4 finished with value: 0.03977557358982066 and parameters: {'batch_size': 16, 'lr': 0.003948591135558603, 'weight_decay': 3.515333045812573e-07, 'dropout': 0.2}. Best is trial 0 with value: 0.4660855625688809.
[I 2026-06-08 10:12:36,479] Trial 5 finished with value: 0.6805931269411882 and parameters: {'batch_size': 64, 'lr': 0.00037767314965722663, 'weight_decay': 2.9688947816659946e-06, 'dropout': 0.2}. Best is trial 5 with value: 0.6805931269411882.
[I 2026-06-08 10:14:03,758] Trial 6 finished with value: 0.7863941488828775 and parameters: {'batch_size': 32, 'lr': 0.00020355146261080638, 'weight_decay': 8.190148448750672e-06, 'dropout': 0.0}. Best is trial 6 with value: 0.7863941488828775.
[I 2026-06-08 10:14:58,831] Trial 7 pruned.
[I 2026-06-08 10:16:11,141] Trial 8 finished with value: 0.7777777777777778 and parameters: {'batch_size': 64, 'lr': 0.0012013744461141509, 'weight_decay': 0.00024156936847557578, 'dropout': 0.0}. Best is trial 6 with value: 0.7863941488828775.
[I 2026-06-08 10:17:24,212] Trial 9 pruned.
[I 2026-06-08 10:18:25,987] Trial 10 pruned.
[I 2026-06-08 10:19:38,073] Trial 11 finished with value: 0.7849914838192565 and parameters: {'batch_size': 64, 'lr': 0.0006461617278303959, 'weight_decay': 0.0007102989091220797, 'dropout': 0.0}. Best is trial 6 with value: 0.7863941488828775.
[I 2026-06-08 10:20:49,222] Trial 12 finished with value: 0.732591924656848 and parameters: {'batch_size': 64, 'lr': 0.00018755102286852575, 'weight_decay': 2.691689070188801e-05, 'dropout': 0.0}. Best is trial 6 with value: 0.7863941488828775.
[I 2026-06-08 10:22:15,975] Trial 13 finished with value: 0.7549343753130949 and parameters: {'batch_size': 32, 'lr': 0.0006542630974757808, 'weight_decay': 0.0008811599733243374, 'dropout': 0.0}. Best is trial 6 with value: 0.7863941488828775.
[I 2026-06-08 10:23:28,559] Trial 14 finished with value: 0.71065023544735 and parameters: {'batch_size': 64, 'lr': 0.00015506308423568946, 'weight_decay': 0.00011425521494259605, 'dropout': 0.1}. Best is trial 6 with value: 0.7863941488828775.
[I 2026-06-08 10:24:23,069] Trial 15 pruned.
[I 2026-06-08 10:25:24,017] Trial 16 pruned.
[I 2026-06-08 10:26:36,835] Trial 17 finished with value: 0.7456166716761847 and parameters: {'batch_size': 64, 'lr': 0.00025058022344099723, 'weight_decay': 5.0902504573502665e-05, 'dropout': 0.1}. Best is trial 6 with value: 0.7863941488828775.
[I 2026-06-08 10:28:02,052] Trial 18 finished with value: 0.759342751227332 and parameters: {'batch_size': 32, 'lr': 0.001019090134516855, 'weight_decay': 1.3771398175481405e-06, 'dropout': 0.0}. Best is trial 6 with value: 0.7863941488828775.
[I 2026-06-08 10:29:38,504] Trial 19 pruned.
[I 2026-06-08 10:30:49,997] Trial 20 finished with value: 0.7224726981264402 and parameters: {'batch_size': 64, 'lr': 0.0015231798081621025, 'weight_decay': 0.00014377543672974537, 'dropout': 0.0}. Best is trial 6 with value: 0.7863941488828775.
[I 2026-06-08 10:32:00,706] Trial 21 finished with value: 0.7595431319507063 and parameters: {'batch_size': 64, 'lr': 0.000761141886981618, 'weight_decay': 0.0003199826224221568, 'dropout': 0.0}. Best is trial 6 with value: 0.7863941488828775.
[I 2026-06-08 10:33:11,897] Trial 22 finished with value: 0.7623484620779482 and parameters: {'batch_size': 64, 'lr': 0.0003675584157948932, 'weight_decay': 0.0009281668478672932, 'dropout': 0.0}. Best is trial 6 with value: 0.7863941488828775.
[I 2026-06-08 10:34:23,788] Trial 23 finished with value: 0.7516280933774171 and parameters: {'batch_size': 64, 'lr': 0.001259339550027269, 'weight_decay': 0.000254271748790917, 'dropout': 0.1}. Best is trial 6 with value: 0.7863941488828775.
[I 2026-06-08 10:35:34,795] Trial 24 finished with value: 0.7699629295661757 and parameters: {'batch_size': 64, 'lr': 0.000388098919188095, 'weight_decay': 0.0004897192823007903, 'dropout': 0.0}. Best is trial 6 with value: 0.7863941488828775.
[I 2026-06-08 10:36:35,221] Trial 25 pruned.
[I 2026-06-08 10:37:30,764] Trial 26 pruned.
[I 2026-06-08 10:38:26,780] Trial 27 pruned.
[I 2026-06-08 10:39:40,517] Trial 28 pruned.
[I 2026-06-08 10:40:41,323] Trial 29 pruned.
[I 2026-06-08 10:41:57,014] Trial 30 pruned.
[I 2026-06-08 10:43:09,794] Trial 31 finished with value: 0.7702635006512374 and parameters: {'batch_size': 64, 'lr': 0.00023967075024824172, 'weight_decay': 0.0004934867057804815, 'dropout': 0.0}. Best is trial 6 with value: 0.7863941488828775.
[I 2026-06-08 10:44:21,272] Trial 32 finished with value: 0.7577397054403366 and parameters: {'batch_size': 64, 'lr': 0.00025073040407346914, 'weight_decay': 0.00023677692216579418, 'dropout': 0.0}. Best is trial 6 with value: 0.7863941488828775.
[I 2026-06-08 10:45:32,308] Trial 33 finished with value: 0.7889990982867449 and parameters: {'batch_size': 64, 'lr': 0.0005125134254309092, 'weight_decay': 0.0009373879094521101, 'dropout': 0.0}. Best is trial 33 with value: 0.7889990982867449.
[I 2026-06-08 10:46:42,867] Trial 34 finished with value: 0.789099288648432 and parameters: {'batch_size': 64, 'lr': 0.000500630140716409, 'weight_decay': 0.0009587795438351998, 'dropout': 0.0}. Best is trial 34 with value: 0.789099288648432.
[I 2026-06-08 10:47:42,962] Trial 35 pruned.
[I 2026-06-08 10:48:38,331] Trial 36 pruned.
[I 2026-06-08 10:49:49,301] Trial 37 pruned.
[I 2026-06-08 10:50:44,492] Trial 38 pruned.
[I 2026-06-08 10:53:04,211] Trial 39 pruned.
[I 2026-06-08 10:54:00,256] Trial 40 pruned.
[I 2026-06-08 10:55:12,842] Trial 41 finished with value: 0.7726680693317303 and parameters: {'batch_size': 64, 'lr': 0.0009758940531641742, 'weight_decay': 0.00023503168075417595, 'dropout': 0.0}. Best is trial 34 with value: 0.789099288648432.
[I 2026-06-08 10:56:07,184] Trial 42 pruned.
[I 2026-06-08 10:58:38,588] Trial 43 finished with value: 0.7639515078649434 and parameters: {'batch_size': 64, 'lr': 0.0007322387196362221, 'weight_decay': 0.00040915600326557, 'dropout': 0.0}. Best is trial 34 with value: 0.789099288648432.
[I 2026-06-08 10:59:49,690] Trial 44 finished with value: 0.7669572187155596 and parameters: {'batch_size': 64, 'lr': 0.0002728143869816005, 'weight_decay': 0.00016938518256922686, 'dropout': 0.0}. Best is trial 34 with value: 0.789099288648432.
[I 2026-06-08 11:01:02,480] Trial 45 pruned.
[I 2026-06-08 11:01:57,873] Trial 46 pruned.
[I 2026-06-08 11:04:44,044] Trial 47 finished with value: 0.7901011922653041 and parameters: {'batch_size': 32, 'lr': 0.0006425519426416211, 'weight_decay': 2.929655627975144e-05, 'dropout': 0.0}. Best is trial 47 with value: 0.7901011922653041.
[I 2026-06-08 11:05:43,721] Trial 48 pruned.
[I 2026-06-08 11:06:59,420] Trial 49 pruned.
Meilleur paramètres : {'batch_size': 32, 'lr': 0.0006425519426416211, 'weight_decay': 2.929655627975144e-05, 'dropout': 0.0}
Meilleur accuracy : 0.7901011922653041