[I 2026-06-07 15:25:25,730] Trial 42 finished with value: 0.8766656647630497 and parameters: {'batch_size': 32, 'lr': 0.0007239284771126094, 'weight_decay': 0.0005701869248654992, 'n_mels': 32, 'n_fft': 1280, 'hop_length': 448, 'cnn1d_out_channels_1': 16, 'cnn1d_out_channels_2': 64, 'kernel_size_1d': 7, 'pooling_kernel_1d': 3, 'adaptive_pool_1d_output': 12, 'cnn2d_out_channels_1': 96, 'cnn2d_out_channels_2': 256, 'kernel_size_2d': 7, 'pooling_kernel_2d': 4, 'adaptive_pool_2d_output': (2, 2), 'fc_hidden_size': 128, 'dropout': 0.2}. Best is trial 33 with value: 0.8997094479511071.
[I 2026-06-07 15:27:31,097] Trial 43 finished with value: 0.8716561466786895 and parameters: {'batch_size': 32, 'lr': 9.164073021902809e-05, 'weight_decay': 0.00024117011046558335, 'n_mels': 32, 'n_fft': 1280, 'hop_length': 384, 'cnn1d_out_channels_1': 32, 'cnn1d_out_channels_2': 32, 'kernel_size_1d': 7, 'pooling_kernel_1d': 4, 'adaptive_pool_1d_output': 12, 'cnn2d_out_channels_1': 48, 'cnn2d_out_channels_2': 224, 'kernel_size_2d': 7, 'pooling_kernel_2d': 4, 'adaptive_pool_2d_output': (2, 2), 'fc_hidden_size': 256, 'dropout': 0.30000000000000004}. Best is trial 33 with value: 0.8997094479511071.
[I 2026-06-07 15:28:43,615] Trial 44 pruned.
[I 2026-06-07 15:30:54,747] Trial 45 finished with value: 0.874361286444244 and parameters: {'batch_size': 32, 'lr': 0.00014860937247848592, 'weight_decay': 0.00010087002645312741, 'n_mels': 32, 'n_fft': 1024, 'hop_length': 448, 'cnn1d_out_channels_1': 32, 'cnn1d_out_channels_2': 48, 'kernel_size_1d': 7, 'pooling_kernel_1d': 3, 'adaptive_pool_1d_output': 12, 'cnn2d_out_channels_1': 96, 'cnn2d_out_channels_2': 192, 'kernel_size_2d': 7, 'pooling_kernel_2d': 4, 'adaptive_pool_2d_output': (2, 2), 'fc_hidden_size': 128, 'dropout': 0.30000000000000004}. Best is trial 33 with value: 0.8997094479511071.
[I 2026-06-07 15:33:05,576] Trial 46 finished with value: 0.8944995491433724 and parameters: {'batch_size': 32, 'lr': 8.380299974212807e-05, 'weight_decay': 0.0001982803131686765, 'n_mels': 32, 'n_fft': 1280, 'hop_length': 320, 'cnn1d_out_channels_1': 32, 'cnn1d_out_channels_2': 64, 'kernel_size_1d': 7, 'pooling_kernel_1d': 4, 'adaptive_pool_1d_output': 8, 'cnn2d_out_channels_1': 112, 'cnn2d_out_channels_2': 224, 'kernel_size_2d': 7, 'pooling_kernel_2d': 4, 'adaptive_pool_2d_output': (2, 2), 'fc_hidden_size': 256, 'dropout': 0.2}. Best is trial 33 with value: 0.8997094479511071.
[I 2026-06-07 15:35:54,510] Trial 47 finished with value: 0.8770664262097986 and parameters: {'batch_size': 16, 'lr': 7.305497212145242e-05, 'weight_decay': 0.00019504696155944962, 'n_mels': 48, 'n_fft': 1280, 'hop_length': 384, 'cnn1d_out_channels_1': 32, 'cnn1d_out_channels_2': 64, 'kernel_size_1d': 7, 'pooling_kernel_1d': 3, 'adaptive_pool_1d_output': 8, 'cnn2d_out_channels_1': 112, 'cnn2d_out_channels_2': 224, 'kernel_size_2d': 7, 'pooling_kernel_2d': 4, 'adaptive_pool_2d_output': (2, 2), 'fc_hidden_size': 256, 'dropout': 0.1}. Best is trial 33 with value: 0.8997094479511071.
[I 2026-06-07 15:37:10,442] Trial 48 pruned.
[I 2026-06-07 15:39:35,904] Trial 49 finished with value: 0.8901913635908225 and parameters: {'batch_size': 64, 'lr': 0.00048422240349568736, 'weight_decay': 0.0006684422863849822, 'n_mels': 48, 'n_fft': 1024, 'hop_length': 320, 'cnn1d_out_channels_1': 32, 'cnn1d_out_channels_2': 80, 'kernel_size_1d': 7, 'pooling_kernel_1d': 2, 'adaptive_pool_1d_output': 8, 'cnn2d_out_channels_1': 112, 'cnn2d_out_channels_2': 208, 'kernel_size_2d': 7, 'pooling_kernel_2d': 4, 'adaptive_pool_2d_output': (2, 2), 'fc_hidden_size': 192, 'dropout': 0.0}. Best is trial 33 with value: 0.8997094479511071.
Meilleur paramètres : {'batch_size': 32, 'lr': 0.00012765384089860127, 'weight_decay': 0.00011068942908456975, 'n_mels': 32, 'n_fft': 1536, 'hop_length': 320, 'cnn1d_out_channels_1': 32, 'cnn1d_out_channels_2': 64, 'kernel_size_1d': 7, 'pooling_kernel_1d': 4, 'adaptive_pool_1d_output': 12, 'cnn2d_out_channels_1': 128, 'cnn2d_out_channels_2': 224, 'kernel_size_2d': 7, 'pooling_kernel_2d': 3, 'adaptive_pool_2d_output': (8, 8), 'fc_hidden_size': 320, 'dropout': 0.30000000000000004}
Meilleur accuracy : 0.8997094479511071