F:\Projet IA\.venv\lib\site-packages\optuna\distributions.py:502: UserWarning: Choices for a categorical distribution should be a tuple of None, bool, int, float and str for persistent storage but contains (2, 2) which is of type tuple.
  optuna_warn(message)
[I 2026-06-07 11:39:49,103] Trial 0 finished with value: 0.04067728684500551 and parameters: {'batch_size': 64, 'lr': 0.007645562230816905, 'weight_decay': 9.080918665930561e-07, 'n_mels': 128, 'n_fft': 2048, 'hop_length': 1024, 'cnn1_out_channels': 16, 'cnn2_out_channels': 256, 'kernel_size': 3, 'pooling_kernel': 3, 'adaptive_pool_output': (4, 4), 'lstm_hidden_size': 64, 'lstm_num_layers': 3, 'fc_hidden_size': 64, 'dropout': 0.30000000000000004}. Best is trial 0 with value: 0.04067728684500551.
F:\Projet IA\.venv\lib\site-packages\optuna\distributions.py:502: UserWarning: Choices for a categorical distribution should be a tuple of None, bool, int, float and str for persistent storage but contains (4, 4) which is of type tuple.
  optuna_warn(message)
F:\Projet IA\.venv\lib\site-packages\optuna\distributions.py:502: UserWarning: Choices for a categorical distribution should be a tuple of None, bool, int, float and str for persistent storage but contains (8, 8) which is of type tuple.
  optuna_warn(message)
F:\Projet IA\.venv\lib\site-packages\optuna\distributions.py:502: UserWarning: Choices for a categorical distribution should be a tuple of None, bool, int, float and str for persistent storage but contains (2, 2) which is of type tuple.
  optuna_warn(message)
[I 2026-06-07 11:41:14,693] Trial 1 finished with value: 0.29806632601943694 and parameters: {'batch_size': 64, 'lr': 1.5791017507486815e-05, 'weight_decay': 1.0414996585645813e-07, 'n_mels': 112, 'n_fft': 1536, 'hop_length': 1024, 'cnn1_out_channels': 96, 'cnn2_out_channels': 256, 'kernel_size': 3, 'pooling_kernel': 2, 'adaptive_pool_output': (2, 2), 'lstm_hidden_size': 224, 'lstm_num_layers': 1, 'fc_hidden_size': 384, 'dropout': 0.0}. Best is trial 1 with value: 0.29806632601943694.
[I 2026-06-07 11:42:43,358] Trial 2 finished with value: 0.7828874862238253 and parameters: {'batch_size': 64, 'lr': 0.0010733512790437477, 'weight_decay': 0.00011986348511269185, 'n_mels': 48, 'n_fft': 1024, 'hop_length': 896, 'cnn1_out_channels': 112, 'cnn2_out_channels': 80, 'kernel_size': 5, 'pooling_kernel': 3, 'adaptive_pool_output': (2, 2), 'lstm_hidden_size': 192, 'lstm_num_layers': 3, 'fc_hidden_size': 384, 'dropout': 0.1}. Best is trial 2 with value: 0.7828874862238253.
[I 2026-06-07 11:45:03,524] Trial 3 finished with value: 0.03847309888788698 and parameters: {'batch_size': 32, 'lr': 0.0024796117616234796, 'weight_decay': 0.000262663307338296, 'n_mels': 96, 'n_fft': 1536, 'hop_length': 512, 'cnn1_out_channels': 80, 'cnn2_out_channels': 176, 'kernel_size': 7, 'pooling_kernel': 2, 'adaptive_pool_output': (8, 8), 'lstm_hidden_size': 160, 'lstm_num_layers': 1, 'fc_hidden_size': 384, 'dropout': 0.4}. Best is trial 2 with value: 0.7828874862238253.
F:\Projet IA\.venv\lib\site-packages\torchaudio\functional\functional.py:584: UserWarning: At least one mel filterbank has all zero values. The value for `n_mels` (128) may be set too high. Or, the value for `n_freqs` (257) may be set too low.
  warnings.warn(
[I 2026-06-07 11:47:09,847] Trial 4 finished with value: 0.852920549043182 and parameters: {'batch_size': 32, 'lr': 0.0002629295928484065, 'weight_decay': 4.3330638324590336e-06, 'n_mels': 128, 'n_fft': 512, 'hop_length': 576, 'cnn1_out_channels': 64, 'cnn2_out_channels': 112, 'kernel_size': 7, 'pooling_kernel': 4, 'adaptive_pool_output': (8, 8), 'lstm_hidden_size': 256, 'lstm_num_layers': 2, 'fc_hidden_size': 448, 'dropout': 0.0}. Best is trial 4 with value: 0.852920549043182.
[I 2026-06-07 11:48:31,464] Trial 5 finished with value: 0.6754834184951408 and parameters: {'batch_size': 64, 'lr': 3.2992771102312264e-05, 'weight_decay': 8.870956986926955e-06, 'n_mels': 64, 'n_fft': 768, 'hop_length': 320, 'cnn1_out_channels': 48, 'cnn2_out_channels': 208, 'kernel_size': 3, 'pooling_kernel': 4, 'adaptive_pool_output': (8, 8), 'lstm_hidden_size': 128, 'lstm_num_layers': 3, 'fc_hidden_size': 192, 'dropout': 0.0}. Best is trial 4 with value: 0.852920549043182.
[I 2026-06-07 11:50:36,549] Trial 6 finished with value: 0.8924957419096283 and parameters: {'batch_size': 32, 'lr': 9.23172867384619e-05, 'weight_decay': 0.00023789671220047497, 'n_mels': 96, 'n_fft': 1792, 'hop_length': 384, 'cnn1_out_channels': 96, 'cnn2_out_channels': 64, 'kernel_size': 5, 'pooling_kernel': 3, 'adaptive_pool_output': (8, 8), 'lstm_hidden_size': 256, 'lstm_num_layers': 2, 'fc_hidden_size': 256, 'dropout': 0.0}. Best is trial 6 with value: 0.8924957419096283.
[I 2026-06-07 11:51:43,136] Trial 7 pruned.
[I 2026-06-07 11:53:06,498] Trial 8 pruned.
[I 2026-06-07 11:54:16,756] Trial 9 pruned.
[I 2026-06-07 11:55:43,568] Trial 10 pruned.
[I 2026-06-07 11:57:57,141] Trial 11 finished with value: 0.8644424406372107 and parameters: {'batch_size': 32, 'lr': 0.00017335284837542977, 'weight_decay': 4.986830474313712e-06, 'n_mels': 128, 'n_fft': 512, 'hop_length': 448, 'cnn1_out_channels': 64, 'cnn2_out_channels': 96, 'kernel_size': 7, 'pooling_kernel': 4, 'adaptive_pool_output': (8, 8), 'lstm_hidden_size': 256, 'lstm_num_layers': 2, 'fc_hidden_size': 512, 'dropout': 0.1}. Best is trial 6 with value: 0.8924957419096283.
[I 2026-06-07 12:00:06,006] Trial 12 finished with value: 0.866546438232642 and parameters: {'batch_size': 32, 'lr': 9.517441256027485e-05, 'weight_decay': 1.4814323688123332e-06, 'n_mels': 112, 'n_fft': 1024, 'hop_length': 384, 'cnn1_out_channels': 48, 'cnn2_out_channels': 64, 'kernel_size': 7, 'pooling_kernel': 4, 'adaptive_pool_output': (8, 8), 'lstm_hidden_size': 256, 'lstm_num_layers': 2, 'fc_hidden_size': 256, 'dropout': 0.1}. Best is trial 6 with value: 0.8924957419096283.
[I 2026-06-07 12:02:13,778] Trial 13 finished with value: 0.8808736599539124 and parameters: {'batch_size': 32, 'lr': 6.099432987529282e-05, 'weight_decay': 1.0351882378508635e-06, 'n_mels': 80, 'n_fft': 1792, 'hop_length': 384, 'cnn1_out_channels': 48, 'cnn2_out_channels': 32, 'kernel_size': 5, 'pooling_kernel': 3, 'adaptive_pool_output': (8, 8), 'lstm_hidden_size': 224, 'lstm_num_layers': 2, 'fc_hidden_size': 256, 'dropout': 0.1}. Best is trial 6 with value: 0.8924957419096283.
[I 2026-06-07 12:03:27,522] Trial 14 pruned.
[I 2026-06-07 12:05:36,644] Trial 15 finished with value: 0.8924957419096283 and parameters: {'batch_size': 32, 'lr': 6.33339974313141e-05, 'weight_decay': 5.765501006507797e-07, 'n_mels': 80, 'n_fft': 1792, 'hop_length': 384, 'cnn1_out_channels': 80, 'cnn2_out_channels': 64, 'kernel_size': 5, 'pooling_kernel': 3, 'adaptive_pool_output': (8, 8), 'lstm_hidden_size': 224, 'lstm_num_layers': 2, 'fc_hidden_size': 256, 'dropout': 0.1}. Best is trial 6 with value: 0.8924957419096283.
[I 2026-06-07 12:07:07,382] Trial 16 pruned.
[I 2026-06-07 12:08:27,896] Trial 17 pruned.
[I 2026-06-07 12:09:46,330] Trial 18 pruned.
[I 2026-06-07 12:11:21,973] Trial 19 pruned.
[I 2026-06-07 12:12:35,926] Trial 20 pruned.
[I 2026-06-07 12:13:51,198] Trial 21 pruned.
[I 2026-06-07 12:16:01,392] Trial 22 finished with value: 0.8970043081855525 and parameters: {'batch_size': 32, 'lr': 0.00011162867951228415, 'weight_decay': 5.506175567192143e-07, 'n_mels': 80, 'n_fft': 1792, 'hop_length': 320, 'cnn1_out_channels': 48, 'cnn2_out_channels': 48, 'kernel_size': 5, 'pooling_kernel': 3, 'adaptive_pool_output': (8, 8), 'lstm_hidden_size': 256, 'lstm_num_layers': 2, 'fc_hidden_size': 320, 'dropout': 0.1}. Best is trial 22 with value: 0.8970043081855525.
[I 2026-06-07 12:18:08,908] Trial 23 finished with value: 0.9027151588017233 and parameters: {'batch_size': 32, 'lr': 0.0001326004734582507, 'weight_decay': 3.9380614484663753e-07, 'n_mels': 80, 'n_fft': 1536, 'hop_length': 320, 'cnn1_out_channels': 32, 'cnn2_out_channels': 80, 'kernel_size': 5, 'pooling_kernel': 3, 'adaptive_pool_output': (8, 8), 'lstm_hidden_size': 256, 'lstm_num_layers': 2, 'fc_hidden_size': 320, 'dropout': 0.0}. Best is trial 23 with value: 0.9027151588017233.
[I 2026-06-07 12:20:16,523] Trial 24 finished with value: 0.9076244865243963 and parameters: {'batch_size': 32, 'lr': 0.00012876703847248145, 'weight_decay': 2.609385518465773e-07, 'n_mels': 64, 'n_fft': 1536, 'hop_length': 256, 'cnn1_out_channels': 32, 'cnn2_out_channels': 96, 'kernel_size': 5, 'pooling_kernel': 3, 'adaptive_pool_output': (8, 8), 'lstm_hidden_size': 256, 'lstm_num_layers': 2, 'fc_hidden_size': 320, 'dropout': 0.0}. Best is trial 24 with value: 0.9076244865243963.
[I 2026-06-07 12:22:25,226] Trial 25 finished with value: 0.8986073539725479 and parameters: {'batch_size': 32, 'lr': 0.00015100817537849455, 'weight_decay': 2.109222700488708e-07, 'n_mels': 64, 'n_fft': 1536, 'hop_length': 256, 'cnn1_out_channels': 32, 'cnn2_out_channels': 96, 'kernel_size': 5, 'pooling_kernel': 3, 'adaptive_pool_output': (8, 8), 'lstm_hidden_size': 256, 'lstm_num_layers': 2, 'fc_hidden_size': 320, 'dropout': 0.0}. Best is trial 24 with value: 0.9076244865243963.
[I 2026-06-07 12:24:14,667] Trial 26 pruned.
[I 2026-06-07 12:26:41,581] Trial 27 finished with value: 0.9215509467989179 and parameters: {'batch_size': 32, 'lr': 0.00020198520875410492, 'weight_decay': 1.769555818060761e-07, 'n_mels': 64, 'n_fft': 1280, 'hop_length': 320, 'cnn1_out_channels': 32, 'cnn2_out_channels': 96, 'kernel_size': 7, 'pooling_kernel': 2, 'adaptive_pool_output': (8, 8), 'lstm_hidden_size': 256, 'lstm_num_layers': 3, 'fc_hidden_size': 320, 'dropout': 0.0}. Best is trial 27 with value: 0.9215509467989179.
[I 2026-06-07 12:29:50,203] Trial 28 finished with value: 0.9106301973750125 and parameters: {'batch_size': 16, 'lr': 0.00023147330649031593, 'weight_decay': 1.04174222582422e-07, 'n_mels': 32, 'n_fft': 1024, 'hop_length': 320, 'cnn1_out_channels': 16, 'cnn2_out_channels': 128, 'kernel_size': 7, 'pooling_kernel': 2, 'adaptive_pool_output': (4, 4), 'lstm_hidden_size': 192, 'lstm_num_layers': 3, 'fc_hidden_size': 448, 'dropout': 0.0}. Best is trial 27 with value: 0.9215509467989179.
[I 2026-06-07 12:31:18,827] Trial 29 pruned.
[I 2026-06-07 12:32:56,100] Trial 30 pruned.
[I 2026-06-07 12:36:06,457] Trial 31 finished with value: 0.8984069732491734 and parameters: {'batch_size': 16, 'lr': 0.0003579159903318032, 'weight_decay': 2.7543312373086087e-07, 'n_mels': 48, 'n_fft': 1280, 'hop_length': 320, 'cnn1_out_channels': 32, 'cnn2_out_channels': 96, 'kernel_size': 7, 'pooling_kernel': 2, 'adaptive_pool_output': (4, 4), 'lstm_hidden_size': 192, 'lstm_num_layers': 3, 'fc_hidden_size': 320, 'dropout': 0.0}. Best is trial 27 with value: 0.9215509467989179.
[I 2026-06-07 12:37:08,156] Trial 32 pruned.
[I 2026-06-07 12:38:09,727] Trial 33 pruned.
[I 2026-06-07 12:41:34,268] Trial 34 finished with value: 0.9009117322913536 and parameters: {'batch_size': 16, 'lr': 0.00014190752679428323, 'weight_decay': 1.6425225884678412e-07, 'n_mels': 64, 'n_fft': 1536, 'hop_length': 256, 'cnn1_out_channels': 16, 'cnn2_out_channels': 176, 'kernel_size': 7, 'pooling_kernel': 2, 'adaptive_pool_output': (4, 4), 'lstm_hidden_size': 224, 'lstm_num_layers': 3, 'fc_hidden_size': 384, 'dropout': 0.1}. Best is trial 27 with value: 0.9215509467989179.
[I 2026-06-07 12:42:32,048] Trial 35 pruned.
[I 2026-06-07 12:43:57,552] Trial 36 pruned.
[I 2026-06-07 12:46:14,111] Trial 37 finished with value: 0.9190461877567379 and parameters: {'batch_size': 32, 'lr': 0.000722808541640005, 'weight_decay': 1.2145957092395758e-06, 'n_mels': 64, 'n_fft': 1024, 'hop_length': 256, 'cnn1_out_channels': 32, 'cnn2_out_channels': 96, 'kernel_size': 7, 'pooling_kernel': 2, 'adaptive_pool_output': (8, 8), 'lstm_hidden_size': 160, 'lstm_num_layers': 3, 'fc_hidden_size': 384, 'dropout': 0.1}. Best is trial 27 with value: 0.9215509467989179.
[I 2026-06-07 12:47:49,808] Trial 38 finished with value: 0.9201482817352971 and parameters: {'batch_size': 64, 'lr': 0.0005268888008500237, 'weight_decay': 1.5360618108971942e-06, 'n_mels': 48, 'n_fft': 1024, 'hop_length': 256, 'cnn1_out_channels': 16, 'cnn2_out_channels': 112, 'kernel_size': 7, 'pooling_kernel': 2, 'adaptive_pool_output': (8, 8), 'lstm_hidden_size': 160, 'lstm_num_layers': 3, 'fc_hidden_size': 448, 'dropout': 0.1}. Best is trial 27 with value: 0.9215509467989179.
[I 2026-06-07 12:48:49,710] Trial 39 pruned.
[I 2026-06-07 12:49:50,838] Trial 40 pruned.
[I 2026-06-07 12:51:35,295] Trial 41 finished with value: 0.9217513275222924 and parameters: {'batch_size': 64, 'lr': 0.0010061137930597018, 'weight_decay': 1.1559805487396425e-06, 'n_mels': 64, 'n_fft': 1024, 'hop_length': 256, 'cnn1_out_channels': 32, 'cnn2_out_channels': 96, 'kernel_size': 7, 'pooling_kernel': 2, 'adaptive_pool_output': (8, 8), 'lstm_hidden_size': 160, 'lstm_num_layers': 3, 'fc_hidden_size': 384, 'dropout': 0.1}. Best is trial 41 with value: 0.9217513275222924.
[I 2026-06-07 12:53:10,386] Trial 42 finished with value: 0.916741809437932 and parameters: {'batch_size': 64, 'lr': 0.0008367453470496053, 'weight_decay': 1.1080721477904966e-06, 'n_mels': 48, 'n_fft': 1024, 'hop_length': 320, 'cnn1_out_channels': 16, 'cnn2_out_channels': 128, 'kernel_size': 7, 'pooling_kernel': 2, 'adaptive_pool_output': (8, 8), 'lstm_hidden_size': 160, 'lstm_num_layers': 3, 'fc_hidden_size': 384, 'dropout': 0.1}. Best is trial 41 with value: 0.9217513275222924.
[I 2026-06-07 12:54:53,358] Trial 43 finished with value: 0.9184450455866146 and parameters: {'batch_size': 64, 'lr': 0.0009309291770190039, 'weight_decay': 1.234526195256806e-06, 'n_mels': 48, 'n_fft': 1024, 'hop_length': 256, 'cnn1_out_channels': 32, 'cnn2_out_channels': 112, 'kernel_size': 7, 'pooling_kernel': 2, 'adaptive_pool_output': (8, 8), 'lstm_hidden_size': 160, 'lstm_num_layers': 3, 'fc_hidden_size': 384, 'dropout': 0.1}. Best is trial 41 with value: 0.9217513275222924.
[I 2026-06-07 12:55:56,673] Trial 44 pruned.
[I 2026-06-07 12:57:29,999] Trial 45 finished with value: 0.9209498046287947 and parameters: {'batch_size': 64, 'lr': 0.0009381449053940056, 'weight_decay': 1.2864208357876326e-06, 'n_mels': 64, 'n_fft': 1024, 'hop_length': 256, 'cnn1_out_channels': 32, 'cnn2_out_channels': 96, 'kernel_size': 7, 'pooling_kernel': 2, 'adaptive_pool_output': (8, 8), 'lstm_hidden_size': 96, 'lstm_num_layers': 3, 'fc_hidden_size': 384, 'dropout': 0.1}. Best is trial 41 with value: 0.9217513275222924.
[I 2026-06-07 12:58:59,079] Trial 46 finished with value: 0.9031159202484721 and parameters: {'batch_size': 64, 'lr': 0.0005053805267834348, 'weight_decay': 5.099797701354123e-06, 'n_mels': 64, 'n_fft': 1280, 'hop_length': 384, 'cnn1_out_channels': 48, 'cnn2_out_channels': 96, 'kernel_size': 7, 'pooling_kernel': 2, 'adaptive_pool_output': (8, 8), 'lstm_hidden_size': 96, 'lstm_num_layers': 3, 'fc_hidden_size': 512, 'dropout': 0.1}. Best is trial 41 with value: 0.9217513275222924.
[I 2026-06-07 13:00:02,009] Trial 47 pruned.
[I 2026-06-07 13:01:27,694] Trial 48 finished with value: 0.9075242961627091 and parameters: {'batch_size': 64, 'lr': 0.0006025030359484948, 'weight_decay': 1.7061891394283983e-06, 'n_mels': 64, 'n_fft': 768, 'hop_length': 320, 'cnn1_out_channels': 32, 'cnn2_out_channels': 48, 'kernel_size': 7, 'pooling_kernel': 2, 'adaptive_pool_output': (8, 8), 'lstm_hidden_size': 96, 'lstm_num_layers': 3, 'fc_hidden_size': 448, 'dropout': 0.1}. Best is trial 41 with value: 0.9217513275222924.
[I 2026-06-07 13:02:27,005] Trial 49 pruned.
Meilleur paramètres : {'batch_size': 64, 'lr': 0.0010061137930597018, 'weight_decay': 1.1559805487396425e-06, 'n_mels': 64, 'n_fft': 1024, 'hop_length': 256, 'cnn1_out_channels': 32, 'cnn2_out_channels': 96, 'kernel_size': 7, 'pooling_kernel': 2, 'adaptive_pool_output': (8, 8), 'lstm_hidden_size': 160, 'lstm_num_layers': 3, 'fc_hidden_size': 384, 'dropout': 0.1}
Meilleur accuracy : 0.9217513275222924