[I 2026-06-07 13:40:35,478] A new study created in memory with name: no-name-8271b173-0197-478c-8e63-58388a0dab52
F:\Projet IA\.venv\lib\site-packages\optuna\distributions.py:502: UserWarning: Choices for a categorical distribution should be a tuple of None, bool, int, float and str for persistent storage but contains (4, 4) which is of type tuple.
  optuna_warn(message)
F:\Projet IA\.venv\lib\site-packages\optuna\distributions.py:502: UserWarning: Choices for a categorical distribution should be a tuple of None, bool, int, float and str for persistent storage but contains (8, 8) which is of type tuple.
  optuna_warn(message)
F:\Projet IA\.venv\lib\site-packages\optuna\distributions.py:502: UserWarning: Choices for a categorical distribution should be a tuple of None, bool, int, float and str for persistent storage but contains (2, 2) which is of type tuple.
  optuna_warn(message)
[I 2026-06-07 13:42:27,001] Trial 0 finished with value: 0.7685602645025549 and parameters: {'batch_size': 64, 'lr': 0.00021291108535717205, 'weight_decay': 0.00043451668330231515, 'n_mels': 128, 'n_fft': 1024, 'hop_length': 832, 'cnn1d_out_channels_1': 64, 'cnn1d_out_channels_2': 48, 'kernel_size_1d': 5, 'pooling_kernel_1d': 4, 'adaptive_pool_1d_output': 32, 'cnn2d_out_channels_1': 64, 'cnn2d_out_channels_2': 64, 'kernel_size_2d': 3, 'pooling_kernel_2d': 3, 'adaptive_pool_2d_output': (8, 8), 'fc_hidden_size': 320, 'dropout': 0.2}. Best is trial 0 with value: 0.7685602645025549.
F:\Projet IA\.venv\lib\site-packages\optuna\distributions.py:502: UserWarning: Choices for a categorical distribution should be a tuple of None, bool, int, float and str for persistent storage but contains (4, 4) which is of type tuple.
  optuna_warn(message)
F:\Projet IA\.venv\lib\site-packages\optuna\distributions.py:502: UserWarning: Choices for a categorical distribution should be a tuple of None, bool, int, float and str for persistent storage but contains (8, 8) which is of type tuple.
  optuna_warn(message)
F:\Projet IA\.venv\lib\site-packages\optuna\distributions.py:502: UserWarning: Choices for a categorical distribution should be a tuple of None, bool, int, float and str for persistent storage but contains (2, 2) which is of type tuple.
  optuna_warn(message)
[I 2026-06-07 13:44:57,533] Trial 1 finished with value: 0.47650536018435025 and parameters: {'batch_size': 16, 'lr': 0.0018903464537415892, 'weight_decay': 1.5190353157360554e-05, 'n_mels': 80, 'n_fft': 512, 'hop_length': 512, 'cnn1d_out_channels_1': 16, 'cnn1d_out_channels_2': 112, 'kernel_size_1d': 3, 'pooling_kernel_1d': 2, 'adaptive_pool_1d_output': 12, 'cnn2d_out_channels_1': 80, 'cnn2d_out_channels_2': 128, 'kernel_size_2d': 5, 'pooling_kernel_2d': 3, 'adaptive_pool_2d_output': (2, 2), 'fc_hidden_size': 512, 'dropout': 0.0}. Best is trial 0 with value: 0.7685602645025549.
[I 2026-06-07 13:48:17,195] Trial 2 finished with value: 0.46778879871756335 and parameters: {'batch_size': 16, 'lr': 0.0010234766759317957, 'weight_decay': 2.609506688529416e-06, 'n_mels': 32, 'n_fft': 1280, 'hop_length': 640, 'cnn1d_out_channels_1': 16, 'cnn1d_out_channels_2': 112, 'kernel_size_1d': 5, 'pooling_kernel_1d': 3, 'adaptive_pool_1d_output': 8, 'cnn2d_out_channels_1': 96, 'cnn2d_out_channels_2': 80, 'kernel_size_2d': 7, 'pooling_kernel_2d': 3, 'adaptive_pool_2d_output': (8, 8), 'fc_hidden_size': 192, 'dropout': 0.0}. Best is trial 0 with value: 0.7685602645025549.
[I 2026-06-07 13:50:44,573] Trial 3 finished with value: 0.04067728684500551 and parameters: {'batch_size': 32, 'lr': 0.006722917719463665, 'weight_decay': 3.157180037060114e-07, 'n_mels': 32, 'n_fft': 1280, 'hop_length': 768, 'cnn1d_out_channels_1': 32, 'cnn1d_out_channels_2': 112, 'kernel_size_1d': 3, 'pooling_kernel_1d': 2, 'adaptive_pool_1d_output': 20, 'cnn2d_out_channels_1': 96, 'cnn2d_out_channels_2': 224, 'kernel_size_2d': 7, 'pooling_kernel_2d': 4, 'adaptive_pool_2d_output': (8, 8), 'fc_hidden_size': 128, 'dropout': 0.5}. Best is trial 0 with value: 0.7685602645025549.
[I 2026-06-07 13:52:46,615] Trial 4 finished with value: 0.44454463480613166 and parameters: {'batch_size': 32, 'lr': 0.0025811029929837213, 'weight_decay': 0.00020566856772897077, 'n_mels': 48, 'n_fft': 2048, 'hop_length': 704, 'cnn1d_out_channels_1': 32, 'cnn1d_out_channels_2': 64, 'kernel_size_1d': 3, 'pooling_kernel_1d': 3, 'adaptive_pool_1d_output': 28, 'cnn2d_out_channels_1': 112, 'cnn2d_out_channels_2': 144, 'kernel_size_2d': 7, 'pooling_kernel_2d': 4, 'adaptive_pool_2d_output': (2, 2), 'fc_hidden_size': 512, 'dropout': 0.1}. Best is trial 0 with value: 0.7685602645025549.
[I 2026-06-07 13:56:23,476] Trial 5 finished with value: 0.6589520088167519 and parameters: {'batch_size': 32, 'lr': 0.00011957423959331698, 'weight_decay': 1.7417638841828406e-06, 'n_mels': 48, 'n_fft': 768, 'hop_length': 256, 'cnn1d_out_channels_1': 80, 'cnn1d_out_channels_2': 256, 'kernel_size_1d': 5, 'pooling_kernel_1d': 3, 'adaptive_pool_1d_output': 20, 'cnn2d_out_channels_1': 128, 'cnn2d_out_channels_2': 128, 'kernel_size_2d': 3, 'pooling_kernel_2d': 4, 'adaptive_pool_2d_output': (2, 2), 'fc_hidden_size': 256, 'dropout': 0.5}. Best is trial 0 with value: 0.7685602645025549.
[I 2026-06-07 13:58:37,093] Trial 6 finished with value: 0.8239655345155796 and parameters: {'batch_size': 32, 'lr': 9.187449390846509e-05, 'weight_decay': 8.113321950226803e-06, 'n_mels': 48, 'n_fft': 2048, 'hop_length': 256, 'cnn1d_out_channels_1': 16, 'cnn1d_out_channels_2': 176, 'kernel_size_1d': 5, 'pooling_kernel_1d': 3, 'adaptive_pool_1d_output': 8, 'cnn2d_out_channels_1': 96, 'cnn2d_out_channels_2': 208, 'kernel_size_2d': 3, 'pooling_kernel_2d': 4, 'adaptive_pool_2d_output': (8, 8), 'fc_hidden_size': 320, 'dropout': 0.1}. Best is trial 6 with value: 0.8239655345155796.
[I 2026-06-07 14:01:06,225] Trial 7 finished with value: 0.6385131750325619 and parameters: {'batch_size': 16, 'lr': 1.4452649227354055e-05, 'weight_decay': 2.0958106697874157e-05, 'n_mels': 48, 'n_fft': 512, 'hop_length': 832, 'cnn1d_out_channels_1': 32, 'cnn1d_out_channels_2': 144, 'kernel_size_1d': 3, 'pooling_kernel_1d': 4, 'adaptive_pool_1d_output': 32, 'cnn2d_out_channels_1': 48, 'cnn2d_out_channels_2': 128, 'kernel_size_2d': 5, 'pooling_kernel_2d': 4, 'adaptive_pool_2d_output': (4, 4), 'fc_hidden_size': 128, 'dropout': 0.2}. Best is trial 6 with value: 0.8239655345155796.
[I 2026-06-07 14:03:47,634] Trial 8 finished with value: 0.822663059813646 and parameters: {'batch_size': 64, 'lr': 7.11812891326895e-05, 'weight_decay': 2.991697007882973e-07, 'n_mels': 80, 'n_fft': 768, 'hop_length': 448, 'cnn1d_out_channels_1': 80, 'cnn1d_out_channels_2': 48, 'kernel_size_1d': 5, 'pooling_kernel_1d': 2, 'adaptive_pool_1d_output': 24, 'cnn2d_out_channels_1': 96, 'cnn2d_out_channels_2': 128, 'kernel_size_2d': 3, 'pooling_kernel_2d': 2, 'adaptive_pool_2d_output': (8, 8), 'fc_hidden_size': 512, 'dropout': 0.1}. Best is trial 6 with value: 0.8239655345155796.
[I 2026-06-07 14:06:27,258] Trial 9 finished with value: 0.7523294259092276 and parameters: {'batch_size': 16, 'lr': 0.0022720898400374542, 'weight_decay': 0.00017453383480380518, 'n_mels': 80, 'n_fft': 512, 'hop_length': 448, 'cnn1d_out_channels_1': 64, 'cnn1d_out_channels_2': 64, 'kernel_size_1d': 5, 'pooling_kernel_1d': 3, 'adaptive_pool_1d_output': 24, 'cnn2d_out_channels_1': 32, 'cnn2d_out_channels_2': 240, 'kernel_size_2d': 7, 'pooling_kernel_2d': 4, 'adaptive_pool_2d_output': (2, 2), 'fc_hidden_size': 320, 'dropout': 0.1}. Best is trial 6 with value: 0.8239655345155796.
[I 2026-06-07 14:08:16,557] Trial 10 pruned.
[I 2026-06-07 14:13:33,469] Trial 11 finished with value: 0.7876966235848112 and parameters: {'batch_size': 64, 'lr': 7.343290574854835e-05, 'weight_decay': 3.559175462172712e-07, 'n_mels': 80, 'n_fft': 1536, 'hop_length': 256, 'cnn1d_out_channels_1': 112, 'cnn1d_out_channels_2': 192, 'kernel_size_1d': 7, 'pooling_kernel_1d': 2, 'adaptive_pool_1d_output': 16, 'cnn2d_out_channels_1': 80, 'cnn2d_out_channels_2': 192, 'kernel_size_2d': 3, 'pooling_kernel_2d': 2, 'adaptive_pool_2d_output': (8, 8), 'fc_hidden_size': 448, 'dropout': 0.2}. Best is trial 6 with value: 0.8239655345155796.
[I 2026-06-07 14:18:23,477] Trial 12 finished with value: 0.8053301272417593 and parameters: {'batch_size': 64, 'lr': 4.460138387375774e-05, 'weight_decay': 1.3729628779201434e-07, 'n_mels': 96, 'n_fft': 1792, 'hop_length': 384, 'cnn1d_out_channels_1': 96, 'cnn1d_out_channels_2': 192, 'kernel_size_1d': 5, 'pooling_kernel_1d': 2, 'adaptive_pool_1d_output': 8, 'cnn2d_out_channels_1': 128, 'cnn2d_out_channels_2': 176, 'kernel_size_2d': 3, 'pooling_kernel_2d': 2, 'adaptive_pool_2d_output': (8, 8), 'fc_hidden_size': 384, 'dropout': 0.1}. Best is trial 6 with value: 0.8239655345155796.
[I 2026-06-07 14:19:52,457] Trial 13 pruned.
[I 2026-06-07 14:22:05,523] Trial 14 finished with value: 0.8149484019637311 and parameters: {'batch_size': 32, 'lr': 3.0644692847611084e-05, 'weight_decay': 8.312791574824422e-07, 'n_mels': 96, 'n_fft': 1024, 'hop_length': 512, 'cnn1d_out_channels_1': 48, 'cnn1d_out_channels_2': 32, 'kernel_size_1d': 5, 'pooling_kernel_1d': 2, 'adaptive_pool_1d_output': 16, 'cnn2d_out_channels_1': 64, 'cnn2d_out_channels_2': 96, 'kernel_size_2d': 5, 'pooling_kernel_2d': 2, 'adaptive_pool_2d_output': (8, 8), 'fc_hidden_size': 448, 'dropout': 0.0}. Best is trial 6 with value: 0.8239655345155796.
[I 2026-06-07 14:25:40,678] Trial 15 finished with value: 0.8191563971545938 and parameters: {'batch_size': 64, 'lr': 0.0003816424659633627, 'weight_decay': 1.094613971199017e-05, 'n_mels': 112, 'n_fft': 1792, 'hop_length': 320, 'cnn1d_out_channels_1': 96, 'cnn1d_out_channels_2': 144, 'kernel_size_1d': 5, 'pooling_kernel_1d': 3, 'adaptive_pool_1d_output': 28, 'cnn2d_out_channels_1': 112, 'cnn2d_out_channels_2': 256, 'kernel_size_2d': 3, 'pooling_kernel_2d': 3, 'adaptive_pool_2d_output': (8, 8), 'fc_hidden_size': 256, 'dropout': 0.30000000000000004}. Best is trial 6 with value: 0.8239655345155796.
[I 2026-06-07 14:28:06,664] Trial 16 pruned.
[I 2026-06-07 14:31:13,264] Trial 17 finished with value: 0.8435026550445847 and parameters: {'batch_size': 32, 'lr': 3.350310248031211e-05, 'weight_decay': 6.31131861019436e-05, 'n_mels': 64, 'n_fft': 768, 'hop_length': 320, 'cnn1d_out_channels_1': 80, 'cnn1d_out_channels_2': 144, 'kernel_size_1d': 5, 'pooling_kernel_1d': 4, 'adaptive_pool_1d_output': 20, 'cnn2d_out_channels_1': 112, 'cnn2d_out_channels_2': 208, 'kernel_size_2d': 5, 'pooling_kernel_2d': 3, 'adaptive_pool_2d_output': (8, 8), 'fc_hidden_size': 320, 'dropout': 0.30000000000000004}. Best is trial 17 with value: 0.8435026550445847.
[I 2026-06-07 14:33:55,609] Trial 18 finished with value: 0.8400961827472198 and parameters: {'batch_size': 32, 'lr': 3.368388217529339e-05, 'weight_decay': 5.7260887188951045e-05, 'n_mels': 64, 'n_fft': 1536, 'hop_length': 256, 'cnn1d_out_channels_1': 48, 'cnn1d_out_channels_2': 160, 'kernel_size_1d': 3, 'pooling_kernel_1d': 4, 'adaptive_pool_1d_output': 16, 'cnn2d_out_channels_1': 112, 'cnn2d_out_channels_2': 208, 'kernel_size_2d': 5, 'pooling_kernel_2d': 3, 'adaptive_pool_2d_output': (8, 8), 'fc_hidden_size': 256, 'dropout': 0.30000000000000004}. Best is trial 17 with value: 0.8435026550445847.
[I 2026-06-07 14:35:17,841] Trial 19 pruned.
[I 2026-06-07 14:36:56,889] Trial 20 pruned.
[I 2026-06-07 14:39:47,065] Trial 21 finished with value: 0.8630397755735898 and parameters: {'batch_size': 32, 'lr': 5.5324588326655094e-05, 'weight_decay': 9.261316330004321e-05, 'n_mels': 48, 'n_fft': 1792, 'hop_length': 256, 'cnn1d_out_channels_1': 48, 'cnn1d_out_channels_2': 176, 'kernel_size_1d': 5, 'pooling_kernel_1d': 4, 'adaptive_pool_1d_output': 8, 'cnn2d_out_channels_1': 112, 'cnn2d_out_channels_2': 208, 'kernel_size_2d': 5, 'pooling_kernel_2d': 3, 'adaptive_pool_2d_output': (8, 8), 'fc_hidden_size': 320, 'dropout': 0.4}. Best is trial 21 with value: 0.8630397755735898.
[I 2026-06-07 14:41:18,486] Trial 22 pruned.
[I 2026-06-07 14:43:57,550] Trial 23 finished with value: 0.8817753732090973 and parameters: {'batch_size': 32, 'lr': 4.356101201203987e-05, 'weight_decay': 3.494130788209903e-05, 'n_mels': 32, 'n_fft': 1536, 'hop_length': 256, 'cnn1d_out_channels_1': 48, 'cnn1d_out_channels_2': 128, 'kernel_size_1d': 7, 'pooling_kernel_1d': 4, 'adaptive_pool_1d_output': 12, 'cnn2d_out_channels_1': 128, 'cnn2d_out_channels_2': 176, 'kernel_size_2d': 5, 'pooling_kernel_2d': 3, 'adaptive_pool_2d_output': (8, 8), 'fc_hidden_size': 320, 'dropout': 0.30000000000000004}. Best is trial 23 with value: 0.8817753732090973.
[I 2026-06-07 14:46:31,680] Trial 24 finished with value: 0.8761647129546137 and parameters: {'batch_size': 32, 'lr': 4.77636129915854e-05, 'weight_decay': 2.8363597739028138e-05, 'n_mels': 32, 'n_fft': 1792, 'hop_length': 320, 'cnn1d_out_channels_1': 64, 'cnn1d_out_channels_2': 96, 'kernel_size_1d': 7, 'pooling_kernel_1d': 4, 'adaptive_pool_1d_output': 12, 'cnn2d_out_channels_1': 128, 'cnn2d_out_channels_2': 176, 'kernel_size_2d': 5, 'pooling_kernel_2d': 3, 'adaptive_pool_2d_output': (8, 8), 'fc_hidden_size': 320, 'dropout': 0.4}. Best is trial 23 with value: 0.8817753732090973.
[I 2026-06-07 14:48:58,099] Trial 25 finished with value: 0.8494138863841298 and parameters: {'batch_size': 32, 'lr': 0.00022205744033075412, 'weight_decay': 2.532482411561045e-05, 'n_mels': 32, 'n_fft': 1792, 'hop_length': 448, 'cnn1d_out_channels_1': 64, 'cnn1d_out_channels_2': 96, 'kernel_size_1d': 7, 'pooling_kernel_1d': 4, 'adaptive_pool_1d_output': 12, 'cnn2d_out_channels_1': 128, 'cnn2d_out_channels_2': 160, 'kernel_size_2d': 5, 'pooling_kernel_2d': 3, 'adaptive_pool_2d_output': (8, 8), 'fc_hidden_size': 384, 'dropout': 0.4}. Best is trial 23 with value: 0.8817753732090973.
[I 2026-06-07 14:51:09,529] Trial 26 finished with value: 0.8387937080452861 and parameters: {'batch_size': 32, 'lr': 5.702938048329271e-05, 'weight_decay': 0.00019728772049122965, 'n_mels': 32, 'n_fft': 1536, 'hop_length': 384, 'cnn1d_out_channels_1': 32, 'cnn1d_out_channels_2': 96, 'kernel_size_1d': 7, 'pooling_kernel_1d': 4, 'adaptive_pool_1d_output': 8, 'cnn2d_out_channels_1': 128, 'cnn2d_out_channels_2': 176, 'kernel_size_2d': 5, 'pooling_kernel_2d': 3, 'adaptive_pool_2d_output': (8, 8), 'fc_hidden_size': 192, 'dropout': 0.5}. Best is trial 23 with value: 0.8817753732090973.
[I 2026-06-07 14:53:43,992] Trial 27 finished with value: 0.8801723274221019 and parameters: {'batch_size': 32, 'lr': 0.00021503705326490763, 'weight_decay': 0.00012949483591624358, 'n_mels': 32, 'n_fft': 1792, 'hop_length': 256, 'cnn1d_out_channels_1': 48, 'cnn1d_out_channels_2': 80, 'kernel_size_1d': 7, 'pooling_kernel_1d': 4, 'adaptive_pool_1d_output': 12, 'cnn2d_out_channels_1': 128, 'cnn2d_out_channels_2': 176, 'kernel_size_2d': 7, 'pooling_kernel_2d': 3, 'adaptive_pool_2d_output': (8, 8), 'fc_hidden_size': 320, 'dropout': 0.4}. Best is trial 23 with value: 0.8817753732090973.
[I 2026-06-07 14:56:14,711] Trial 28 finished with value: 0.8321811441739305 and parameters: {'batch_size': 32, 'lr': 0.0005780689141593896, 'weight_decay': 3.1430991477657654e-05, 'n_mels': 32, 'n_fft': 1536, 'hop_length': 320, 'cnn1d_out_channels_1': 64, 'cnn1d_out_channels_2': 80, 'kernel_size_1d': 7, 'pooling_kernel_1d': 4, 'adaptive_pool_1d_output': 12, 'cnn2d_out_channels_1': 128, 'cnn2d_out_channels_2': 160, 'kernel_size_2d': 7, 'pooling_kernel_2d': 3, 'adaptive_pool_2d_output': (4, 4), 'fc_hidden_size': 384, 'dropout': 0.4}. Best is trial 23 with value: 0.8817753732090973.
[I 2026-06-07 14:58:33,629] Trial 29 finished with value: 0.8258691513876365 and parameters: {'batch_size': 32, 'lr': 0.00018312334691952424, 'weight_decay': 0.00013740667781055244, 'n_mels': 32, 'n_fft': 2048, 'hop_length': 1024, 'cnn1d_out_channels_1': 64, 'cnn1d_out_channels_2': 80, 'kernel_size_1d': 7, 'pooling_kernel_1d': 4, 'adaptive_pool_1d_output': 12, 'cnn2d_out_channels_1': 128, 'cnn2d_out_channels_2': 96, 'kernel_size_2d': 7, 'pooling_kernel_2d': 3, 'adaptive_pool_2d_output': (2, 2), 'fc_hidden_size': 320, 'dropout': 0.2}. Best is trial 23 with value: 0.8817753732090973.
[I 2026-06-07 15:00:22,503] Trial 30 pruned.
[I 2026-06-07 15:02:55,591] Trial 31 finished with value: 0.8630397755735898 and parameters: {'batch_size': 32, 'lr': 4.8765146696371025e-05, 'weight_decay': 0.0004338659168898873, 'n_mels': 48, 'n_fft': 1792, 'hop_length': 256, 'cnn1d_out_channels_1': 48, 'cnn1d_out_channels_2': 96, 'kernel_size_1d': 7, 'pooling_kernel_1d': 4, 'adaptive_pool_1d_output': 8, 'cnn2d_out_channels_1': 112, 'cnn2d_out_channels_2': 192, 'kernel_size_2d': 5, 'pooling_kernel_2d': 3, 'adaptive_pool_2d_output': (8, 8), 'fc_hidden_size': 320, 'dropout': 0.4}. Best is trial 23 with value: 0.8817753732090973.
[I 2026-06-07 15:04:16,617] Trial 32 pruned.
[I 2026-06-07 15:06:33,243] Trial 33 finished with value: 0.8997094479511071 and parameters: {'batch_size': 32, 'lr': 0.00012765384089860127, 'weight_decay': 0.00011068942908456975, 'n_mels': 32, 'n_fft': 1536, 'hop_length': 320, 'cnn1d_out_channels_1': 32, 'cnn1d_out_channels_2': 64, 'kernel_size_1d': 7, 'pooling_kernel_1d': 4, 'adaptive_pool_1d_output': 12, 'cnn2d_out_channels_1': 128, 'cnn2d_out_channels_2': 224, 'kernel_size_2d': 7, 'pooling_kernel_2d': 3, 'adaptive_pool_2d_output': (8, 8), 'fc_hidden_size': 320, 'dropout': 0.30000000000000004}. Best is trial 33 with value: 0.8997094479511071.
[I 2026-06-07 15:08:35,494] Trial 34 finished with value: 0.8962027852920549 and parameters: {'batch_size': 32, 'lr': 0.00013762700818632673, 'weight_decay': 0.0008880286411215928, 'n_mels': 32, 'n_fft': 1280, 'hop_length': 384, 'cnn1d_out_channels_1': 16, 'cnn1d_out_channels_2': 32, 'kernel_size_1d': 7, 'pooling_kernel_1d': 4, 'adaptive_pool_1d_output': 12, 'cnn2d_out_channels_1': 128, 'cnn2d_out_channels_2': 224, 'kernel_size_2d': 7, 'pooling_kernel_2d': 3, 'adaptive_pool_2d_output': (8, 8), 'fc_hidden_size': 256, 'dropout': 0.30000000000000004}. Best is trial 33 with value: 0.8997094479511071.
[I 2026-06-07 15:10:01,586] Trial 35 pruned.
[I 2026-06-07 15:12:06,799] Trial 36 finished with value: 0.8890892696122633 and parameters: {'batch_size': 32, 'lr': 0.00011349235501647182, 'weight_decay': 0.0003833707632874972, 'n_mels': 32, 'n_fft': 1024, 'hop_length': 384, 'cnn1d_out_channels_1': 16, 'cnn1d_out_channels_2': 48, 'kernel_size_1d': 7, 'pooling_kernel_1d': 4, 'adaptive_pool_1d_output': 12, 'cnn2d_out_channels_1': 128, 'cnn2d_out_channels_2': 240, 'kernel_size_2d': 7, 'pooling_kernel_2d': 4, 'adaptive_pool_2d_output': (2, 2), 'fc_hidden_size': 256, 'dropout': 0.2}. Best is trial 33 with value: 0.8997094479511071.
[I 2026-06-07 15:14:07,904] Trial 37 finished with value: 0.8589319707444144 and parameters: {'batch_size': 32, 'lr': 0.00010935680850159667, 'weight_decay': 0.0003079075450036914, 'n_mels': 48, 'n_fft': 1024, 'hop_length': 576, 'cnn1d_out_channels_1': 16, 'cnn1d_out_channels_2': 48, 'kernel_size_1d': 7, 'pooling_kernel_1d': 4, 'adaptive_pool_1d_output': 16, 'cnn2d_out_channels_1': 112, 'cnn2d_out_channels_2': 240, 'kernel_size_2d': 7, 'pooling_kernel_2d': 4, 'adaptive_pool_2d_output': (2, 2), 'fc_hidden_size': 256, 'dropout': 0.2}. Best is trial 33 with value: 0.8997094479511071.
[I 2026-06-07 15:16:19,779] Trial 38 finished with value: 0.8904919346758842 and parameters: {'batch_size': 32, 'lr': 0.00015488010536677952, 'weight_decay': 0.0007804106976140088, 'n_mels': 32, 'n_fft': 1280, 'hop_length': 384, 'cnn1d_out_channels_1': 32, 'cnn1d_out_channels_2': 48, 'kernel_size_1d': 7, 'pooling_kernel_1d': 3, 'adaptive_pool_1d_output': 8, 'cnn2d_out_channels_1': 96, 'cnn2d_out_channels_2': 224, 'kernel_size_2d': 7, 'pooling_kernel_2d': 4, 'adaptive_pool_2d_output': (2, 2), 'fc_hidden_size': 128, 'dropout': 0.2}. Best is trial 33 with value: 0.8997094479511071.
[I 2026-06-07 15:18:30,518] Trial 39 finished with value: 0.8571285442340447 and parameters: {'batch_size': 32, 'lr': 0.000154334873164001, 'weight_decay': 0.0006147160654880986, 'n_mels': 48, 'n_fft': 1280, 'hop_length': 512, 'cnn1d_out_channels_1': 32, 'cnn1d_out_channels_2': 48, 'kernel_size_1d': 7, 'pooling_kernel_1d': 3, 'adaptive_pool_1d_output': 8, 'cnn2d_out_channels_1': 80, 'cnn2d_out_channels_2': 224, 'kernel_size_2d': 7, 'pooling_kernel_2d': 4, 'adaptive_pool_2d_output': (2, 2), 'fc_hidden_size': 128, 'dropout': 0.2}. Best is trial 33 with value: 0.8997094479511071.
[I 2026-06-07 15:21:12,040] Trial 40 finished with value: 0.8501152189159403 and parameters: {'batch_size': 16, 'lr': 0.00030166991825837544, 'weight_decay': 0.00029569600755251696, 'n_mels': 48, 'n_fft': 1024, 'hop_length': 640, 'cnn1d_out_channels_1': 16, 'cnn1d_out_channels_2': 64, 'kernel_size_1d': 7, 'pooling_kernel_1d': 3, 'adaptive_pool_1d_output': 8, 'cnn2d_out_channels_1': 96, 'cnn2d_out_channels_2': 224, 'kernel_size_2d': 7, 'pooling_kernel_2d': 4, 'adaptive_pool_2d_output': (2, 2), 'fc_hidden_size': 64, 'dropout': 0.2}. Best is trial 33 with value: 0.8997094479511071.
[I 2026-06-07 15:23:18,912] Trial 41 finished with value: 0.8680492936579501 and parameters: {'batch_size': 32, 'lr': 9.194498467846573e-05, 'weight_decay': 0.000980707567463323, 'n_mels': 32, 'n_fft': 1280, 'hop_length': 384, 'cnn1d_out_channels_1': 32, 'cnn1d_out_channels_2': 32, 'kernel_size_1d': 7, 'pooling_kernel_1d': 3, 'adaptive_pool_1d_output': 12, 'cnn2d_out_channels_1': 64, 'cnn2d_out_channels_2': 240, 'kernel_size_2d': 7, 'pooling_kernel_2d': 4, 'adaptive_pool_2d_output': (2, 2), 'fc_hidden_size': 192, 'dropout': 0.30000000000000004}. Best is trial 33 with value: 0.8997094479511071.
