(.venv) PS F:\Projet IA> py .\optuna-training.py
[I 2026-06-07 10:23:40,798] A new study created in memory with name: no-name-a618a7a8-aeda-4cd6-95ab-6f1442e76f2e
F:\Projet IA\.venv\lib\site-packages\optuna\distributions.py:502: UserWarning: Choices for a categorical distribution should be a tuple of None, bool, int, float and str for persistent storage but contains (4, 4) which is of type tuple.
  optuna_warn(message)
F:\Projet IA\.venv\lib\site-packages\optuna\distributions.py:502: UserWarning: Choices for a categorical distribution should be a tuple of None, bool, int, float and str for persistent storage but contains (8, 8) which is of type tuple.
  optuna_warn(message)
F:\Projet IA\.venv\lib\site-packages\optuna\distributions.py:502: UserWarning: Choices for a categorical distribution should be a tuple of None, bool, int, float and str for persistent storage but contains (2, 2) which is of type tuple.
  optuna_warn(message)
[I 2026-06-07 10:25:00,050] Trial 0 finished with value: 0.03977557358982066 and parameters: {'batch_size': 64, 'lr': 0.0009731170964076607, 'weight_decay': 4.301855217642638e-05, 'n_mels': 32, 'n_fft': 768, 'hop_length': 576, 'cnn1_out_channels': 16, 'cnn2_out_channels': 96, 'kernel_size': 5, 'pooling_kernel': 4, 'adaptive_pool_output': (8, 8), 'dropout': 0.5}. Best is trial 0 with value: 0.03977557358982066.
F:\Projet IA\.venv\lib\site-packages\optuna\distributions.py:502: UserWarning: Choices for a categorical distribution should be a tuple of None, bool, int, float and str for persistent storage but contains (4, 4) which is of type tuple.
  optuna_warn(message)
F:\Projet IA\.venv\lib\site-packages\optuna\distributions.py:502: UserWarning: Choices for a categorical distribution should be a tuple of None, bool, int, float and str for persistent storage but contains (8, 8) which is of type tuple.
  optuna_warn(message)
F:\Projet IA\.venv\lib\site-packages\optuna\distributions.py:502: UserWarning: Choices for a categorical distribution should be a tuple of None, bool, int, float and str for persistent storage but contains (2, 2) which is of type tuple.
  optuna_warn(message)
[I 2026-06-07 10:26:40,316] Trial 1 finished with value: 0.4828173529706442 and parameters: {'batch_size': 32, 'lr': 0.00976799988461015, 'weight_decay': 1.4685180870964128e-05, 'n_mels': 112, 'n_fft': 512, 'hop_length': 320, 'cnn1_out_channels': 16, 'cnn2_out_channels': 240, 'kernel_size': 5, 'pooling_kernel': 2, 'adaptive_pool_output': (8, 8), 'dropout': 0.30000000000000004}. Best is trial 1 with value: 0.4828173529706442.
[I 2026-06-07 10:27:56,178] Trial 2 finished with value: 0.3717062418595331 and parameters: {'batch_size': 64, 'lr': 0.0034410581241839746, 'weight_decay': 3.77086016470171e-05, 'n_mels': 48, 'n_fft': 512, 'hop_length': 768, 'cnn1_out_channels': 80, 'cnn2_out_channels': 96, 'kernel_size': 7, 'pooling_kernel': 4, 'adaptive_pool_output': (2, 2), 'dropout': 0.5}. Best is trial 1 with value: 0.4828173529706442.
[I 2026-06-07 10:29:59,715] Trial 3 finished with value: 0.7582406572487727 and parameters: {'batch_size': 16, 'lr': 0.00024011067138256633, 'weight_decay': 2.6858823862332718e-05, 'n_mels': 48, 'n_fft': 1792, 'hop_length': 640, 'cnn1_out_channels': 128, 'cnn2_out_channels': 64, 'kernel_size': 3, 'pooling_kernel': 3, 'adaptive_pool_output': (4, 4), 'dropout': 0.30000000000000004}. Best is trial 3 with value: 0.7582406572487727.
[I 2026-06-07 10:31:37,966] Trial 4 finished with value: 0.5912233243162007 and parameters: {'batch_size': 32, 'lr': 1.1216521876588076e-05, 'weight_decay': 0.0006624386085871071, 'n_mels': 64, 'n_fft': 1280, 'hop_length': 832, 'cnn1_out_channels': 128, 'cnn2_out_channels': 192, 'kernel_size': 3, 'pooling_kernel': 2, 'adaptive_pool_output': (8, 8), 'dropout': 0.2}. Best is trial 3 with value: 0.7582406572487727.
[I 2026-06-07 10:32:57,237] Trial 5 pruned.
[I 2026-06-07 10:34:16,287] Trial 6 finished with value: 0.7902013826269912 and parameters: {'batch_size': 64, 'lr': 0.0002573964061200485, 'weight_decay': 0.00043090542415636496, 'n_mels': 80, 'n_fft': 1792, 'hop_length': 1024, 'cnn1_out_channels': 80, 'cnn2_out_channels': 192, 'kernel_size': 7, 'pooling_kernel': 4, 'adaptive_pool_output': (4, 4), 'dropout': 0.2}. Best is trial 6 with value: 0.7902013826269912.
[I 2026-06-07 10:35:19,481] Trial 7 pruned.
[I 2026-06-07 10:36:43,036] Trial 8 finished with value: 0.721871555956317 and parameters: {'batch_size': 64, 'lr': 9.587407120847081e-05, 'weight_decay': 5.6246813415750524e-05, 'n_mels': 48, 'n_fft': 1536, 'hop_length': 640, 'cnn1_out_channels': 16, 'cnn2_out_channels': 256, 'kernel_size': 7, 'pooling_kernel': 4, 'adaptive_pool_output': (8, 8), 'dropout': 0.1}. Best is trial 6 with value: 0.7902013826269912.
[I 2026-06-07 10:38:04,836] Trial 9 finished with value: 0.8432020839595231 and parameters: {'batch_size': 64, 'lr': 3.124867359968574e-05, 'weight_decay': 4.440374602365116e-07, 'n_mels': 48, 'n_fft': 1024, 'hop_length': 640, 'cnn1_out_channels': 128, 'cnn2_out_channels': 192, 'kernel_size': 7, 'pooling_kernel': 4, 'adaptive_pool_output': (8, 8), 'dropout': 0.1}. Best is trial 9 with value: 0.8432020839595231.
[I 2026-06-07 10:39:02,802] Trial 10 pruned.
[I 2026-06-07 10:40:23,610] Trial 11 finished with value: 0.7967137561366596 and parameters: {'batch_size': 64, 'lr': 0.0003947916833582469, 'weight_decay': 1.034497968698388e-07, 'n_mels': 80, 'n_fft': 2048, 'hop_length': 1024, 'cnn1_out_channels': 96, 'cnn2_out_channels': 192, 'kernel_size': 7, 'pooling_kernel': 4, 'adaptive_pool_output': (4, 4), 'dropout': 0.1}. Best is trial 9 with value: 0.8432020839595231.
[I 2026-06-07 10:41:39,351] Trial 12 finished with value: 0.7538322813345356 and parameters: {'batch_size': 64, 'lr': 0.001524147895308817, 'weight_decay': 1.7063427082923688e-07, 'n_mels': 80, 'n_fft': 1024, 'hop_length': 896, 'cnn1_out_channels': 96, 'cnn2_out_channels': 176, 'kernel_size': 7, 'pooling_kernel': 4, 'adaptive_pool_output': (4, 4), 'dropout': 0.0}. Best is trial 9 with value: 0.8432020839595231.
[I 2026-06-07 10:43:02,966] Trial 13 finished with value: 0.7903015729886785 and parameters: {'batch_size': 64, 'lr': 2.9489421770899674e-05, 'weight_decay': 1.4411659221972038e-06, 'n_mels': 80, 'n_fft': 2048, 'hop_length': 768, 'cnn1_out_channels': 112, 'cnn2_out_channels': 224, 'kernel_size': 7, 'pooling_kernel': 3, 'adaptive_pool_output': (4, 4), 'dropout': 0.1}. Best is trial 9 with value: 0.8432020839595231.
[I 2026-06-07 10:44:19,603] Trial 14 finished with value: 0.8666466285943292 and parameters: {'batch_size': 64, 'lr': 0.0004984895310414588, 'weight_decay': 9.139279674377355e-07, 'n_mels': 32, 'n_fft': 1280, 'hop_length': 448, 'cnn1_out_channels': 64, 'cnn2_out_channels': 128, 'kernel_size': 7, 'pooling_kernel': 4, 'adaptive_pool_output': (4, 4), 'dropout': 0.1}. Best is trial 14 with value: 0.8666466285943292.
[I 2026-06-07 10:45:30,538] Trial 15 pruned.
[I 2026-06-07 10:46:27,397] Trial 16 pruned.
[I 2026-06-07 10:47:27,641] Trial 17 pruned.
[I 2026-06-07 10:49:32,232] Trial 18 finished with value: 0.8423003707043383 and parameters: {'batch_size': 16, 'lr': 8.29752559739789e-05, 'weight_decay': 4.906267044026682e-07, 'n_mels': 48, 'n_fft': 1280, 'hop_length': 512, 'cnn1_out_channels': 32, 'cnn2_out_channels': 80, 'kernel_size': 5, 'pooling_kernel': 3, 'adaptive_pool_output': (8, 8), 'dropout': 0.2}. Best is trial 14 with value: 0.8666466285943292.
[I 2026-06-07 10:50:35,575] Trial 19 pruned.
[I 2026-06-07 10:53:14,265] Trial 20 finished with value: 0.8622382526800921 and parameters: {'batch_size': 64, 'lr': 0.00016156720126584684, 'weight_decay': 6.31329812552372e-07, 'n_mels': 32, 'n_fft': 1536, 'hop_length': 448, 'cnn1_out_channels': 64, 'cnn2_out_channels': 144, 'kernel_size': 7, 'pooling_kernel': 4, 'adaptive_pool_output': (8, 8), 'dropout': 0.0}. Best is trial 14 with value: 0.8666466285943292.
[I 2026-06-07 10:54:32,106] Trial 21 finished with value: 0.8783689009117323 and parameters: {'batch_size': 64, 'lr': 0.00016992294011528274, 'weight_decay': 7.052347235324367e-07, 'n_mels': 32, 'n_fft': 1536, 'hop_length': 448, 'cnn1_out_channels': 64, 'cnn2_out_channels': 144, 'kernel_size': 7, 'pooling_kernel': 4, 'adaptive_pool_output': (8, 8), 'dropout': 0.0}. Best is trial 21 with value: 0.8783689009117323.
[I 2026-06-07 10:55:46,099] Trial 22 finished with value: 0.8794709948902916 and parameters: {'batch_size': 64, 'lr': 0.0001777650933992633, 'weight_decay': 9.299142512817536e-07, 'n_mels': 32, 'n_fft': 1536, 'hop_length': 448, 'cnn1_out_channels': 64, 'cnn2_out_channels': 144, 'kernel_size': 7, 'pooling_kernel': 4, 'adaptive_pool_output': (8, 8), 'dropout': 0.0}. Best is trial 22 with value: 0.8794709948902916.
[I 2026-06-07 10:56:58,133] Trial 23 finished with value: 0.8313796212804329 and parameters: {'batch_size': 64, 'lr': 0.0004418974640059429, 'weight_decay': 1.586987770576903e-06, 'n_mels': 32, 'n_fft': 1792, 'hop_length': 384, 'cnn1_out_channels': 64, 'cnn2_out_channels': 128, 'kernel_size': 7, 'pooling_kernel': 4, 'adaptive_pool_output': (8, 8), 'dropout': 0.0}. Best is trial 22 with value: 0.8794709948902916.
[I 2026-06-07 10:58:10,309] Trial 24 finished with value: 0.8138463079851719 and parameters: {'batch_size': 64, 'lr': 0.0005578673124080546, 'weight_decay': 5.858273542410924e-06, 'n_mels': 32, 'n_fft': 1536, 'hop_length': 256, 'cnn1_out_channels': 80, 'cnn2_out_channels': 160, 'kernel_size': 7, 'pooling_kernel': 4, 'adaptive_pool_output': (8, 8), 'dropout': 0.0}. Best is trial 22 with value: 0.8794709948902916.
[I 2026-06-07 10:59:21,648] Trial 25 finished with value: 0.8758641418695522 and parameters: {'batch_size': 64, 'lr': 0.00026532692853077936, 'weight_decay': 2.683478635973478e-07, 'n_mels': 48, 'n_fft': 1280, 'hop_length': 448, 'cnn1_out_channels': 64, 'cnn2_out_channels': 128, 'kernel_size': 7, 'pooling_kernel': 4, 'adaptive_pool_output': (4, 4), 'dropout': 0.0}. Best is trial 22 with value: 0.8794709948902916.
[I 2026-06-07 11:00:34,632] Trial 26 finished with value: 0.8663460575092676 and parameters: {'batch_size': 64, 'lr': 0.00022176329343216478, 'weight_decay': 3.747093236060969e-07, 'n_mels': 48, 'n_fft': 1792, 'hop_length': 448, 'cnn1_out_channels': 32, 'cnn2_out_channels': 112, 'kernel_size': 5, 'pooling_kernel': 3, 'adaptive_pool_output': (8, 8), 'dropout': 0.0}. Best is trial 22 with value: 0.8794709948902916.
[I 2026-06-07 11:01:48,362] Trial 27 finished with value: 0.8850816551447751 and parameters: {'batch_size': 64, 'lr': 0.00014000885710455273, 'weight_decay': 1.6267839655420262e-07, 'n_mels': 64, 'n_fft': 1536, 'hop_length': 320, 'cnn1_out_channels': 48, 'cnn2_out_channels': 160, 'kernel_size': 7, 'pooling_kernel': 4, 'adaptive_pool_output': (8, 8), 'dropout': 0.0}. Best is trial 27 with value: 0.8850816551447751.
[I 2026-06-07 11:03:40,835] Trial 28 finished with value: 0.8875864141869552 and parameters: {'batch_size': 16, 'lr': 6.146370772830079e-05, 'weight_decay': 1.275802370773228e-07, 'n_mels': 64, 'n_fft': 1536, 'hop_length': 320, 'cnn1_out_channels': 32, 'cnn2_out_channels': 176, 'kernel_size': 7, 'pooling_kernel': 4, 'adaptive_pool_output': (8, 8), 'dropout': 0.0}. Best is trial 28 with value: 0.8875864141869552.
[I 2026-06-07 11:05:36,298] Trial 29 finished with value: 0.8619376815950306 and parameters: {'batch_size': 16, 'lr': 6.8127453301998e-05, 'weight_decay': 1.581428581307086e-07, 'n_mels': 96, 'n_fft': 1792, 'hop_length': 320, 'cnn1_out_channels': 32, 'cnn2_out_channels': 176, 'kernel_size': 5, 'pooling_kernel': 4, 'adaptive_pool_output': (8, 8), 'dropout': 0.1}. Best is trial 28 with value: 0.8875864141869552.
[I 2026-06-07 11:07:27,053] Trial 30 finished with value: 0.8804728985071636 and parameters: {'batch_size': 16, 'lr': 4.8810304337098866e-05, 'weight_decay': 1.0646395843733132e-07, 'n_mels': 64, 'n_fft': 1536, 'hop_length': 320, 'cnn1_out_channels': 48, 'cnn2_out_channels': 208, 'kernel_size': 7, 'pooling_kernel': 3, 'adaptive_pool_output': (8, 8), 'dropout': 0.0}. Best is trial 28 with value: 0.8875864141869552.
[I 2026-06-07 11:09:22,381] Trial 31 finished with value: 0.8796713756136659 and parameters: {'batch_size': 16, 'lr': 4.5311087605952115e-05, 'weight_decay': 1.0611513159090913e-07, 'n_mels': 64, 'n_fft': 1536, 'hop_length': 320, 'cnn1_out_channels': 48, 'cnn2_out_channels': 224, 'kernel_size': 7, 'pooling_kernel': 3, 'adaptive_pool_output': (8, 8), 'dropout': 0.0}. Best is trial 28 with value: 0.8875864141869552.
[I 2026-06-07 11:10:31,303] Trial 32 pruned.
[I 2026-06-07 11:11:41,506] Trial 33 pruned.
[I 2026-06-07 11:12:53,426] Trial 34 pruned.
[I 2026-06-07 11:15:26,547] Trial 35 finished with value: 0.8763650936779882 and parameters: {'batch_size': 16, 'lr': 5.110165416689403e-05, 'weight_decay': 3.0866333668537474e-07, 'n_mels': 96, 'n_fft': 1536, 'hop_length': 256, 'cnn1_out_channels': 48, 'cnn2_out_channels': 240, 'kernel_size': 7, 'pooling_kernel': 2, 'adaptive_pool_output': (8, 8), 'dropout': 0.0}. Best is trial 28 with value: 0.8875864141869552.
[I 2026-06-07 11:16:38,522] Trial 36 pruned.
[I 2026-06-07 11:18:41,334] Trial 37 finished with value: 0.8430017032361486 and parameters: {'batch_size': 16, 'lr': 0.00011856744828108173, 'weight_decay': 1.0312754742985055e-07, 'n_mels': 64, 'n_fft': 1792, 'hop_length': 320, 'cnn1_out_channels': 16, 'cnn2_out_channels': 176, 'kernel_size': 5, 'pooling_kernel': 3, 'adaptive_pool_output': (8, 8), 'dropout': 0.1}. Best is trial 28 with value: 0.8875864141869552.
[I 2026-06-07 11:19:57,131] Trial 38 pruned.
[I 2026-06-07 11:20:57,448] Trial 39 pruned.
[I 2026-06-07 11:22:56,657] Trial 40 finished with value: 0.8889890792505761 and parameters: {'batch_size': 16, 'lr': 0.0001266052838203003, 'weight_decay': 2.6221759595724134e-07, 'n_mels': 48, 'n_fft': 1792, 'hop_length': 576, 'cnn1_out_channels': 48, 'cnn2_out_channels': 160, 'kernel_size': 7, 'pooling_kernel': 2, 'adaptive_pool_output': (8, 8), 'dropout': 0.2}. Best is trial 40 with value: 0.8889890792505761.
[I 2026-06-07 11:24:54,673] Trial 41 finished with value: 0.8784690912734195 and parameters: {'batch_size': 16, 'lr': 0.00012682832786890217, 'weight_decay': 2.533976938312902e-07, 'n_mels': 48, 'n_fft': 1792, 'hop_length': 576, 'cnn1_out_channels': 48, 'cnn2_out_channels': 160, 'kernel_size': 7, 'pooling_kernel': 2, 'adaptive_pool_output': (8, 8), 'dropout': 0.30000000000000004}. Best is trial 40 with value: 0.8889890792505761.
[I 2026-06-07 11:26:09,758] Trial 42 pruned.
[I 2026-06-07 11:27:18,884] Trial 43 pruned.
[I 2026-06-07 11:29:20,209] Trial 44 finished with value: 0.8939985973349364 and parameters: {'batch_size': 16, 'lr': 0.00010012603121343938, 'weight_decay': 1.6319322258025493e-07, 'n_mels': 48, 'n_fft': 1536, 'hop_length': 384, 'cnn1_out_channels': 48, 'cnn2_out_channels': 208, 'kernel_size': 7, 'pooling_kernel': 2, 'adaptive_pool_output': (8, 8), 'dropout': 0.2}. Best is trial 44 with value: 0.8939985973349364.
[I 2026-06-07 11:30:31,573] Trial 45 pruned.
[I 2026-06-07 11:32:05,974] Trial 46 finished with value: 0.8897906021440738 and parameters: {'batch_size': 32, 'lr': 0.00032112338539032554, 'weight_decay': 1.7385482258402372e-07, 'n_mels': 48, 'n_fft': 1792, 'hop_length': 384, 'cnn1_out_channels': 32, 'cnn2_out_channels': 208, 'kernel_size': 7, 'pooling_kernel': 2, 'adaptive_pool_output': (8, 8), 'dropout': 0.2}. Best is trial 44 with value: 0.8939985973349364.
[I 2026-06-07 11:33:09,245] Trial 47 pruned.
[I 2026-06-07 11:34:11,442] Trial 48 pruned.
[I 2026-06-07 11:36:33,259] Trial 49 pruned.
Meilleur paramètres : {'batch_size': 16, 'lr': 0.00010012603121343938, 'weight_decay': 1.6319322258025493e-07, 'n_mels': 48, 'n_fft': 1536, 'hop_length': 384, 'cnn1_out_channels': 48, 'cnn2_out_channels': 208, 'kernel_size': 7, 'pooling_kernel': 2, 'adaptive_pool_output': (8, 8), 'dropout': 0.2}
Meilleur accuracy : 0.8939985973349364